{"/home/travis/build/npmtest/node-npmtest-linkify-it/test.js":{"path":"/home/travis/build/npmtest/node-npmtest-linkify-it/test.js","s":{"1":2,"2":2,"3":2,"4":2,"5":2,"6":2,"7":2,"8":1,"9":2,"10":2,"11":1,"12":1,"13":1,"14":1,"15":2,"16":2,"17":2,"18":2,"19":1,"20":1,"21":2,"22":2,"23":2,"24":1,"25":1,"26":1,"27":1,"28":1,"29":1,"30":1,"31":1,"32":1,"33":1,"34":1,"35":1,"36":1,"37":1,"38":1,"39":2,"40":2,"41":1,"42":2,"43":2,"44":1,"45":2,"46":2,"47":1,"48":2,"49":2,"50":1,"51":1,"52":1,"53":1,"54":1},"b":{"1":[2,1,1,1],"2":[1,1,1,1],"3":[1,1],"4":[1,1],"5":[1,1],"6":[1,1],"7":[1,1],"8":[1,1],"9":[1,1],"10":[1,1,1],"11":[1,1],"12":[1,1],"13":[1,1],"14":[1,1],"15":[1,1],"16":[1,1],"17":[1,1]},"f":{"1":2,"2":2,"3":2,"4":2,"5":2,"6":1,"7":1,"8":1,"9":2,"10":2,"11":2,"12":2,"13":1},"fnMap":{"1":{"name":"(anonymous_1)","line":12,"loc":{"start":{"line":12,"column":1},"end":{"line":12,"column":13}}},"2":{"name":"(anonymous_2)","line":19,"loc":{"start":{"line":19,"column":5},"end":{"line":19,"column":17}}},"3":{"name":"(anonymous_3)","line":23,"loc":{"start":{"line":23,"column":24},"end":{"line":23,"column":36}}},"4":{"name":"(anonymous_4)","line":61,"loc":{"start":{"line":61,"column":5},"end":{"line":61,"column":17}}},"5":{"name":"(anonymous_5)","line":82,"loc":{"start":{"line":82,"column":5},"end":{"line":82,"column":17}}},"6":{"name":"(anonymous_6)","line":91,"loc":{"start":{"line":91,"column":77},"end":{"line":94,"column":10}}},"7":{"name":"(anonymous_7)","line":112,"loc":{"start":{"line":112,"column":83},"end":{"line":115,"column":10}},"skip":true},"8":{"name":"(anonymous_8)","line":123,"loc":{"start":{"line":123,"column":77},"end":{"line":126,"column":10}},"skip":true},"9":{"name":"(anonymous_9)","line":139,"loc":{"start":{"line":139,"column":12},"end":{"line":139,"column":40}},"skip":true},"10":{"name":"(anonymous_10)","line":147,"loc":{"start":{"line":147,"column":77},"end":{"line":150,"column":10}},"skip":true},"11":{"name":"(anonymous_11)","line":158,"loc":{"start":{"line":158,"column":83},"end":{"line":161,"column":10}},"skip":true},"12":{"name":"(anonymous_12)","line":169,"loc":{"start":{"line":169,"column":79},"end":{"line":172,"column":10}},"skip":true},"13":{"name":"(anonymous_13)","line":180,"loc":{"start":{"line":180,"column":75},"end":{"line":183,"column":10}},"skip":true}},"statementMap":{"1":{"start":{"line":12,"column":0},"end":{"line":195,"column":5}},"2":{"start":{"line":14,"column":4},"end":{"line":14,"column":14}},"3":{"start":{"line":19,"column":4},"end":{"line":56,"column":9}},"4":{"start":{"line":21,"column":8},"end":{"line":21,"column":19}},"5":{"start":{"line":23,"column":8},"end":{"line":35,"column":13}},"6":{"start":{"line":24,"column":12},"end":{"line":34,"column":13}},"7":{"start":{"line":25,"column":16},"end":{"line":28,"column":30}},"8":{"start":{"line":30,"column":16},"end":{"line":33,"column":27}},"9":{"start":{"line":37,"column":8},"end":{"line":39,"column":21}},"10":{"start":{"line":40,"column":8},"end":{"line":53,"column":9}},"11":{"start":{"line":43,"column":12},"end":{"line":46,"column":14}},"12":{"start":{"line":47,"column":12},"end":{"line":47,"column":18}},"13":{"start":{"line":50,"column":12},"end":{"line":51,"column":33}},"14":{"start":{"line":52,"column":12},"end":{"line":52,"column":18}},"15":{"start":{"line":55,"column":8},"end":{"line":55,"column":35}},"16":{"start":{"line":61,"column":4},"end":{"line":63,"column":9}},"17":{"start":{"line":62,"column":8},"end":{"line":62,"column":15}},"18":{"start":{"line":64,"column":4},"end":{"line":77,"column":5}},"19":{"start":{"line":70,"column":8},"end":{"line":70,"column":14}},"20":{"start":{"line":76,"column":8},"end":{"line":76,"column":14}},"21":{"start":{"line":82,"column":4},"end":{"line":84,"column":9}},"22":{"start":{"line":83,"column":8},"end":{"line":83,"column":15}},"23":{"start":{"line":85,"column":4},"end":{"line":194,"column":5}},"24":{"start":{"line":91,"column":8},"end":{"line":99,"column":10}},"25":{"start":{"line":98,"column":12},"end":{"line":98,"column":35}},"26":{"start":{"line":102,"column":8},"end":{"line":104,"column":63}},"27":{"start":{"line":105,"column":8},"end":{"line":105,"column":14}},"28":{"start":{"line":112,"column":8},"end":{"line":121,"column":10},"skip":true},"29":{"start":{"line":119,"column":12},"end":{"line":119,"column":55},"skip":true},"30":{"start":{"line":120,"column":12},"end":{"line":120,"column":48},"skip":true},"31":{"start":{"line":123,"column":8},"end":{"line":136,"column":10},"skip":true},"32":{"start":{"line":130,"column":12},"end":{"line":130,"column":76},"skip":true},"33":{"start":{"line":131,"column":12},"end":{"line":131,"column":73},"skip":true},"34":{"start":{"line":132,"column":12},"end":{"line":132,"column":74},"skip":true},"35":{"start":{"line":133,"column":12},"end":{"line":133,"column":79},"skip":true},"36":{"start":{"line":134,"column":12},"end":{"line":134,"column":25},"skip":true},"37":{"start":{"line":135,"column":12},"end":{"line":135,"column":45},"skip":true},"38":{"start":{"line":138,"column":8},"end":{"line":145,"column":14},"skip":true},"39":{"start":{"line":143,"column":16},"end":{"line":143,"column":29},"skip":true},"40":{"start":{"line":144,"column":16},"end":{"line":144,"column":55},"skip":true},"41":{"start":{"line":147,"column":8},"end":{"line":156,"column":10},"skip":true},"42":{"start":{"line":154,"column":12},"end":{"line":154,"column":25},"skip":true},"43":{"start":{"line":155,"column":12},"end":{"line":155,"column":45},"skip":true},"44":{"start":{"line":158,"column":8},"end":{"line":167,"column":10},"skip":true},"45":{"start":{"line":165,"column":12},"end":{"line":165,"column":25},"skip":true},"46":{"start":{"line":166,"column":12},"end":{"line":166,"column":48},"skip":true},"47":{"start":{"line":169,"column":8},"end":{"line":178,"column":10},"skip":true},"48":{"start":{"line":176,"column":12},"end":{"line":176,"column":25},"skip":true},"49":{"start":{"line":177,"column":12},"end":{"line":177,"column":46},"skip":true},"50":{"start":{"line":180,"column":8},"end":{"line":189,"column":10},"skip":true},"51":{"start":{"line":187,"column":12},"end":{"line":187,"column":94},"skip":true},"52":{"start":{"line":188,"column":12},"end":{"line":188,"column":48},"skip":true},"53":{"start":{"line":192,"column":8},"end":{"line":192,"column":35},"skip":true},"54":{"start":{"line":193,"column":8},"end":{"line":193,"column":14},"skip":true}},"branchMap":{"1":{"line":25,"type":"binary-expr","locations":[{"start":{"line":25,"column":23},"end":{"line":25,"column":62}},{"start":{"line":26,"column":20},"end":{"line":26,"column":70}},{"start":{"line":27,"column":20},"end":{"line":27,"column":71}},{"start":{"line":28,"column":20},"end":{"line":28,"column":29}}]},"2":{"line":30,"type":"binary-expr","locations":[{"start":{"line":30,"column":23},"end":{"line":30,"column":37}},{"start":{"line":31,"column":20},"end":{"line":31,"column":61}},{"start":{"line":32,"column":20},"end":{"line":32,"column":70}},{"start":{"line":33,"column":20},"end":{"line":33,"column":26}}]},"3":{"line":37,"type":"cond-expr","locations":[{"start":{"line":38,"column":14},"end":{"line":38,"column":20}},{"start":{"line":39,"column":14},"end":{"line":39,"column":20}}]},"4":{"line":40,"type":"switch","locations":[{"start":{"line":42,"column":8},"end":{"line":47,"column":18}},{"start":{"line":49,"column":8},"end":{"line":52,"column":18}}]},"5":{"line":44,"type":"binary-expr","locations":[{"start":{"line":44,"column":16},"end":{"line":44,"column":44}},{"start":{"line":44,"column":48},"end":{"line":44,"column":66}}]},"6":{"line":50,"type":"binary-expr","locations":[{"start":{"line":50,"column":21},"end":{"line":50,"column":49}},{"start":{"line":50,"column":53},"end":{"line":50,"column":72}}]},"7":{"line":64,"type":"switch","locations":[{"start":{"line":69,"column":4},"end":{"line":70,"column":14}},{"start":{"line":75,"column":4},"end":{"line":76,"column":14}}]},"8":{"line":85,"type":"switch","locations":[{"start":{"line":90,"column":4},"end":{"line":105,"column":14}},{"start":{"line":111,"column":4},"end":{"line":193,"column":14},"skip":true}]},"9":{"line":91,"type":"binary-expr","locations":[{"start":{"line":91,"column":42},"end":{"line":91,"column":73}},{"start":{"line":91,"column":77},"end":{"line":99,"column":9}}]},"10":{"line":102,"type":"binary-expr","locations":[{"start":{"line":102,"column":18},"end":{"line":102,"column":32}},{"start":{"line":103,"column":12},"end":{"line":103,"column":53}},{"start":{"line":104,"column":12},"end":{"line":104,"column":61}}]},"11":{"line":112,"type":"binary-expr","locations":[{"start":{"line":112,"column":45},"end":{"line":112,"column":79},"skip":true},{"start":{"line":112,"column":83},"end":{"line":121,"column":9},"skip":true}]},"12":{"line":123,"type":"binary-expr","locations":[{"start":{"line":123,"column":42},"end":{"line":123,"column":73},"skip":true},{"start":{"line":123,"column":77},"end":{"line":136,"column":9},"skip":true}]},"13":{"line":138,"type":"binary-expr","locations":[{"start":{"line":138,"column":48},"end":{"line":138,"column":85},"skip":true},{"start":{"line":139,"column":12},"end":{"line":145,"column":13},"skip":true}]},"14":{"line":147,"type":"binary-expr","locations":[{"start":{"line":147,"column":42},"end":{"line":147,"column":73},"skip":true},{"start":{"line":147,"column":77},"end":{"line":156,"column":9},"skip":true}]},"15":{"line":158,"type":"binary-expr","locations":[{"start":{"line":158,"column":45},"end":{"line":158,"column":79},"skip":true},{"start":{"line":158,"column":83},"end":{"line":167,"column":9},"skip":true}]},"16":{"line":169,"type":"binary-expr","locations":[{"start":{"line":169,"column":43},"end":{"line":169,"column":75},"skip":true},{"start":{"line":169,"column":79},"end":{"line":178,"column":9},"skip":true}]},"17":{"line":180,"type":"binary-expr","locations":[{"start":{"line":180,"column":41},"end":{"line":180,"column":71},"skip":true},{"start":{"line":180,"column":75},"end":{"line":189,"column":9},"skip":true}]}},"code":["/* istanbul instrument in package npmtest_linkify_it */","/*jslint","    bitwise: true,","    browser: true,","    maxerr: 8,","    maxlen: 96,","    node: true,","    nomen: true,","    regexp: true,","    stupid: true","*/","(function () {","    'use strict';","    var local;","","","","    // run shared js-env code - pre-init","    (function () {","        // init local","        local = {};","        // init modeJs","        local.modeJs = (function () {","            try {","                return typeof navigator.userAgent === 'string' &&","                    typeof document.querySelector('body') === 'object' &&","                    typeof XMLHttpRequest.prototype.open === 'function' &&","                    'browser';","            } catch (errorCaughtBrowser) {","                return module.exports &&","                    typeof process.versions.node === 'string' &&","                    typeof require('http').createServer === 'function' &&","                    'node';","            }","        }());","        // init global","        local.global = local.modeJs === 'browser'","            ? window","            : global;","        switch (local.modeJs) {","        // re-init local from window.local","        case 'browser':","            local = local.global.utility2.objectSetDefault(","                local.global.utility2_rollup || local.global.local,","                local.global.utility2","            );","            break;","        // re-init local from example.js","        case 'node':","            local = (local.global.utility2_rollup || require('utility2'))","                .requireReadme();","            break;","        }","        // export local","        local.global.local = local;","    }());","","","","    // run shared js-env code - function","    (function () {","        return;","    }());","    switch (local.modeJs) {","","","","    // run browser js-env code - function","    case 'browser':","        break;","","","","    // run node js-env code - function","    case 'node':","        break;","    }","","","","    // run shared js-env code - post-init","    (function () {","        return;","    }());","    switch (local.modeJs) {","","","","    // run browser js-env code - post-init","    case 'browser':","        local.testCase_browser_nullCase = local.testCase_browser_nullCase || function (","            options,","            onError","        ) {","        /*","         * this function will test browsers's null-case handling-behavior-behavior","         */","            onError(null, options);","        };","","        // run tests","        local.nop(local.modeTest &&","            document.querySelector('#testRunButton1') &&","            document.querySelector('#testRunButton1').click());","        break;","","","","    // run node js-env code - post-init","    /* istanbul ignore next */","    case 'node':","        local.testCase_buildApidoc_default = local.testCase_buildApidoc_default || function (","            options,","            onError","        ) {","        /*","         * this function will test buildApidoc's default handling-behavior-behavior","         */","            options = { modulePathList: module.paths };","            local.buildApidoc(options, onError);","        };","","        local.testCase_buildApp_default = local.testCase_buildApp_default || function (","            options,","            onError","        ) {","        /*","         * this function will test buildApp's default handling-behavior-behavior","         */","            local.testCase_buildReadme_default(options, local.onErrorThrow);","            local.testCase_buildLib_default(options, local.onErrorThrow);","            local.testCase_buildTest_default(options, local.onErrorThrow);","            local.testCase_buildCustomOrg_default(options, local.onErrorThrow);","            options = [];","            local.buildApp(options, onError);","        };","","        local.testCase_buildCustomOrg_default = local.testCase_buildCustomOrg_default ||","            function (options, onError) {","            /*","             * this function will test buildCustomOrg's default handling-behavior","             */","                options = {};","                local.buildCustomOrg(options, onError);","            };","","        local.testCase_buildLib_default = local.testCase_buildLib_default || function (","            options,","            onError","        ) {","        /*","         * this function will test buildLib's default handling-behavior","         */","            options = {};","            local.buildLib(options, onError);","        };","","        local.testCase_buildReadme_default = local.testCase_buildReadme_default || function (","            options,","            onError","        ) {","        /*","         * this function will test buildReadme's default handling-behavior-behavior","         */","            options = {};","            local.buildReadme(options, onError);","        };","","        local.testCase_buildTest_default = local.testCase_buildTest_default || function (","            options,","            onError","        ) {","        /*","         * this function will test buildTest's default handling-behavior","         */","            options = {};","            local.buildTest(options, onError);","        };","","        local.testCase_webpage_default = local.testCase_webpage_default || function (","            options,","            onError","        ) {","        /*","         * this function will test webpage's default handling-behavior","         */","            options = { modeCoverageMerge: true, url: local.serverLocalHost + '?modeTest=1' };","            local.browserTest(options, onError);","        };","","        // run test-server","        local.testRunServer(local);","        break;","    }","}());",""],"l":{"12":2,"14":2,"19":2,"21":2,"23":2,"24":2,"25":2,"30":1,"37":2,"40":2,"43":1,"47":1,"50":1,"52":1,"55":2,"61":2,"62":2,"64":2,"70":1,"76":1,"82":2,"83":2,"85":2,"91":1,"98":1,"102":1,"105":1,"112":1,"119":1,"120":1,"123":1,"130":1,"131":1,"132":1,"133":1,"134":1,"135":1,"138":1,"143":2,"144":2,"147":1,"154":2,"155":2,"158":1,"165":2,"166":2,"169":1,"176":2,"177":2,"180":1,"187":1,"188":1,"192":1,"193":1}},"/home/travis/build/npmtest/node-npmtest-linkify-it/lib.npmtest_linkify_it.js":{"path":"/home/travis/build/npmtest/node-npmtest-linkify-it/lib.npmtest_linkify_it.js","s":{"1":2,"2":2,"3":2,"4":2,"5":2,"6":2,"7":2,"8":1,"9":2,"10":2,"11":2,"12":2,"13":1,"14":1,"15":1,"16":1},"b":{"1":[2,1,1,1],"2":[1,1,1,1],"3":[1,1],"4":[2,2],"5":[1,1]},"f":{"1":2,"2":2,"3":2},"fnMap":{"1":{"name":"(anonymous_1)","line":12,"loc":{"start":{"line":12,"column":1},"end":{"line":12,"column":13}}},"2":{"name":"(anonymous_2)","line":19,"loc":{"start":{"line":19,"column":5},"end":{"line":19,"column":17}}},"3":{"name":"(anonymous_3)","line":23,"loc":{"start":{"line":23,"column":24},"end":{"line":23,"column":36}}}},"statementMap":{"1":{"start":{"line":12,"column":0},"end":{"line":53,"column":5}},"2":{"start":{"line":14,"column":4},"end":{"line":14,"column":14}},"3":{"start":{"line":19,"column":4},"end":{"line":52,"column":9}},"4":{"start":{"line":21,"column":8},"end":{"line":21,"column":19}},"5":{"start":{"line":23,"column":8},"end":{"line":35,"column":13}},"6":{"start":{"line":24,"column":12},"end":{"line":34,"column":13}},"7":{"start":{"line":25,"column":16},"end":{"line":28,"column":30}},"8":{"start":{"line":30,"column":16},"end":{"line":33,"column":27}},"9":{"start":{"line":37,"column":8},"end":{"line":39,"column":21}},"10":{"start":{"line":41,"column":8},"end":{"line":41,"column":54}},"11":{"start":{"line":43,"column":8},"end":{"line":43,"column":55}},"12":{"start":{"line":45,"column":8},"end":{"line":51,"column":9}},"13":{"start":{"line":46,"column":12},"end":{"line":46,"column":61}},"14":{"start":{"line":48,"column":12},"end":{"line":48,"column":35}},"15":{"start":{"line":49,"column":12},"end":{"line":49,"column":49}},"16":{"start":{"line":50,"column":12},"end":{"line":50,"column":43}}},"branchMap":{"1":{"line":25,"type":"binary-expr","locations":[{"start":{"line":25,"column":23},"end":{"line":25,"column":62}},{"start":{"line":26,"column":20},"end":{"line":26,"column":70}},{"start":{"line":27,"column":20},"end":{"line":27,"column":71}},{"start":{"line":28,"column":20},"end":{"line":28,"column":29}}]},"2":{"line":30,"type":"binary-expr","locations":[{"start":{"line":30,"column":23},"end":{"line":30,"column":37}},{"start":{"line":31,"column":20},"end":{"line":31,"column":61}},{"start":{"line":32,"column":20},"end":{"line":32,"column":70}},{"start":{"line":33,"column":20},"end":{"line":33,"column":26}}]},"3":{"line":37,"type":"cond-expr","locations":[{"start":{"line":38,"column":14},"end":{"line":38,"column":20}},{"start":{"line":39,"column":14},"end":{"line":39,"column":20}}]},"4":{"line":41,"type":"binary-expr","locations":[{"start":{"line":41,"column":16},"end":{"line":41,"column":44}},{"start":{"line":41,"column":48},"end":{"line":41,"column":53}}]},"5":{"line":45,"type":"if","locations":[{"start":{"line":45,"column":8},"end":{"line":45,"column":8}},{"start":{"line":45,"column":8},"end":{"line":45,"column":8}}]}},"code":["/* istanbul instrument in package npmtest_linkify_it */","/*jslint","    bitwise: true,","    browser: true,","    maxerr: 8,","    maxlen: 96,","    node: true,","    nomen: true,","    regexp: true,","    stupid: true","*/","(function () {","    'use strict';","    var local;","","","","    // run shared js-env code - pre-init","    (function () {","        // init local","        local = {};","        // init modeJs","        local.modeJs = (function () {","            try {","                return typeof navigator.userAgent === 'string' &&","                    typeof document.querySelector('body') === 'object' &&","                    typeof XMLHttpRequest.prototype.open === 'function' &&","                    'browser';","            } catch (errorCaughtBrowser) {","                return module.exports &&","                    typeof process.versions.node === 'string' &&","                    typeof require('http').createServer === 'function' &&","                    'node';","            }","        }());","        // init global","        local.global = local.modeJs === 'browser'","            ? window","            : global;","        // init utility2_rollup","        local = local.global.utility2_rollup || local;","        // init lib","        local.local = local.npmtest_linkify_it = local;","        // init exports","        if (local.modeJs === 'browser') {","            local.global.utility2_npmtest_linkify_it = local;","        } else {","            module.exports = local;","            module.exports.__dirname = __dirname;","            module.exports.module = module;","        }","    }());","}());",""],"l":{"12":2,"14":2,"19":2,"21":2,"23":2,"24":2,"25":2,"30":1,"37":2,"41":2,"43":2,"45":2,"46":1,"48":1,"49":1,"50":1}},"/home/travis/build/npmtest/node-npmtest-linkify-it/example.js":{"path":"/home/travis/build/npmtest/node-npmtest-linkify-it/example.js","s":{"1":2,"2":2,"3":2,"4":2,"5":2,"6":2,"7":2,"8":1,"9":2,"10":2,"11":2,"12":2,"13":1,"14":2,"15":2,"16":2,"17":2,"18":2,"19":0,"20":2,"21":1,"22":1,"23":1,"24":1,"25":1,"26":0,"27":0,"28":1,"29":1,"30":2,"31":0,"32":0,"33":0,"34":1,"35":2,"36":2,"37":3,"38":3,"39":3,"40":3,"41":0,"42":3,"43":3,"44":3,"45":1,"46":3,"47":1,"48":1,"49":1,"50":1,"51":1,"52":1,"53":1,"54":1,"55":1,"56":1,"57":0,"58":1,"59":6,"60":6,"61":1,"62":2,"63":0,"64":2,"65":1,"66":1,"67":0,"68":0,"69":0,"70":0,"71":0,"72":0,"73":0,"74":0,"75":0,"76":0,"77":0,"78":0,"79":0,"80":0,"81":0,"82":0,"83":0},"b":{"1":[2,1,1,1],"2":[1,1,1,1],"3":[1,1],"4":[2,2],"5":[1,1],"6":[1,1],"7":[2,0],"8":[2,1,1,1,1,1],"9":[0,2,0],"10":[1,1],"11":[2,1,1],"12":[1,0],"13":[0,2],"14":[2,0,0,0,0,0,0],"15":[0,3],"16":[3,0],"17":[1,1],"18":[0,1],"19":[1,2,0,2],"20":[1,0],"21":[1,1],"22":[0,0],"23":[0,0],"24":[0,0],"25":[0,0],"26":[0,0],"27":[0,0],"28":[0,0]},"f":{"1":2,"2":2,"3":2,"4":2,"5":2,"6":2,"7":3,"8":3,"9":3,"10":1,"11":6,"12":0},"fnMap":{"1":{"name":"(anonymous_1)","line":26,"loc":{"start":{"line":26,"column":1},"end":{"line":26,"column":13}}},"2":{"name":"(anonymous_2)","line":33,"loc":{"start":{"line":33,"column":5},"end":{"line":33,"column":17}}},"3":{"name":"(anonymous_3)","line":37,"loc":{"start":{"line":37,"column":24},"end":{"line":37,"column":36}}},"4":{"name":"(anonymous_4)","line":69,"loc":{"start":{"line":69,"column":31},"end":{"line":69,"column":48}},"skip":true},"5":{"name":"(anonymous_5)","line":78,"loc":{"start":{"line":78,"column":26},"end":{"line":78,"column":45}},"skip":true},"6":{"name":"(anonymous_6)","line":123,"loc":{"start":{"line":123,"column":33},"end":{"line":123,"column":48}},"skip":true},"7":{"name":"(anonymous_7)","line":125,"loc":{"start":{"line":125,"column":27},"end":{"line":125,"column":39}},"skip":true},"8":{"name":"(anonymous_8)","line":133,"loc":{"start":{"line":133,"column":59},"end":{"line":133,"column":74}},"skip":true},"9":{"name":"(anonymous_9)","line":143,"loc":{"start":{"line":143,"column":45},"end":{"line":143,"column":62}},"skip":true},"10":{"name":"(anonymous_10)","line":144,"loc":{"start":{"line":144,"column":73},"end":{"line":144,"column":92}},"skip":true},"11":{"name":"(anonymous_11)","line":272,"loc":{"start":{"line":272,"column":51},"end":{"line":272,"column":77}},"skip":true},"12":{"name":"(anonymous_12)","line":315,"loc":{"start":{"line":315,"column":32},"end":{"line":315,"column":61}},"skip":true}},"statementMap":{"1":{"start":{"line":26,"column":0},"end":{"line":326,"column":5}},"2":{"start":{"line":28,"column":4},"end":{"line":28,"column":14}},"3":{"start":{"line":33,"column":4},"end":{"line":60,"column":9}},"4":{"start":{"line":35,"column":8},"end":{"line":35,"column":19}},"5":{"start":{"line":37,"column":8},"end":{"line":49,"column":13}},"6":{"start":{"line":38,"column":12},"end":{"line":48,"column":13}},"7":{"start":{"line":39,"column":16},"end":{"line":42,"column":30}},"8":{"start":{"line":44,"column":16},"end":{"line":47,"column":27}},"9":{"start":{"line":51,"column":8},"end":{"line":53,"column":21}},"10":{"start":{"line":55,"column":8},"end":{"line":57,"column":45}},"11":{"start":{"line":59,"column":8},"end":{"line":59,"column":35}},"12":{"start":{"line":61,"column":4},"end":{"line":325,"column":5}},"13":{"start":{"line":69,"column":8},"end":{"line":121,"column":10},"skip":true},"14":{"start":{"line":70,"column":12},"end":{"line":88,"column":13},"skip":true},"15":{"start":{"line":76,"column":16},"end":{"line":87,"column":19},"skip":true},"16":{"start":{"line":79,"column":20},"end":{"line":86,"column":21},"skip":true},"17":{"start":{"line":82,"column":24},"end":{"line":82,"column":43},"skip":true},"18":{"start":{"line":83,"column":24},"end":{"line":83,"column":30},"skip":true},"19":{"start":{"line":85,"column":24},"end":{"line":85,"column":49},"skip":true},"20":{"start":{"line":89,"column":12},"end":{"line":107,"column":13},"skip":true},"21":{"start":{"line":92,"column":16},"end":{"line":102,"column":17},"skip":true},"22":{"start":{"line":93,"column":20},"end":{"line":93,"column":86},"skip":true},"23":{"start":{"line":94,"column":20},"end":{"line":95,"column":45},"skip":true},"24":{"start":{"line":96,"column":20},"end":{"line":96,"column":42},"skip":true},"25":{"start":{"line":97,"column":20},"end":{"line":97,"column":48},"skip":true},"26":{"start":{"line":100,"column":20},"end":{"line":100,"column":85},"skip":true},"27":{"start":{"line":101,"column":20},"end":{"line":101,"column":96},"skip":true},"28":{"start":{"line":103,"column":16},"end":{"line":103,"column":22},"skip":true},"29":{"start":{"line":106,"column":16},"end":{"line":106,"column":22},"skip":true},"30":{"start":{"line":108,"column":12},"end":{"line":120,"column":13},"skip":true},"31":{"start":{"line":114,"column":16},"end":{"line":119,"column":17},"skip":true},"32":{"start":{"line":116,"column":20},"end":{"line":116,"column":78},"skip":true},"33":{"start":{"line":118,"column":20},"end":{"line":118,"column":47},"skip":true},"34":{"start":{"line":123,"column":8},"end":{"line":141,"column":11},"skip":true},"35":{"start":{"line":124,"column":12},"end":{"line":124,"column":54},"skip":true},"36":{"start":{"line":125,"column":12},"end":{"line":140,"column":14},"skip":true},"37":{"start":{"line":126,"column":16},"end":{"line":126,"column":28},"skip":true},"38":{"start":{"line":127,"column":16},"end":{"line":127,"column":69},"skip":true},"39":{"start":{"line":128,"column":16},"end":{"line":128,"column":75},"skip":true},"40":{"start":{"line":129,"column":16},"end":{"line":131,"column":17},"skip":true},"41":{"start":{"line":130,"column":20},"end":{"line":130,"column":27},"skip":true},"42":{"start":{"line":133,"column":16},"end":{"line":137,"column":36},"skip":true},"43":{"start":{"line":134,"column":20},"end":{"line":136,"column":55},"skip":true},"44":{"start":{"line":139,"column":16},"end":{"line":139,"column":57},"skip":true},"45":{"start":{"line":143,"column":8},"end":{"line":147,"column":11},"skip":true},"46":{"start":{"line":144,"column":12},"end":{"line":146,"column":15},"skip":true},"47":{"start":{"line":145,"column":16},"end":{"line":145,"column":70},"skip":true},"48":{"start":{"line":149,"column":8},"end":{"line":149,"column":31},"skip":true},"49":{"start":{"line":150,"column":8},"end":{"line":150,"column":14},"skip":true},"50":{"start":{"line":158,"column":8},"end":{"line":158,"column":31},"skip":true},"51":{"start":{"line":160,"column":8},"end":{"line":160,"column":33},"skip":true},"52":{"start":{"line":161,"column":8},"end":{"line":161,"column":37},"skip":true},"53":{"start":{"line":162,"column":8},"end":{"line":162,"column":35},"skip":true},"54":{"start":{"line":164,"column":8},"end":{"line":164,"column":50},"skip":true},"55":{"start":{"line":166,"column":8},"end":{"line":256,"column":2},"skip":true},"56":{"start":{"line":258,"column":8},"end":{"line":286,"column":9},"skip":true},"57":{"start":{"line":259,"column":12},"end":{"line":269,"column":14},"skip":true},"58":{"start":{"line":271,"column":12},"end":{"line":285,"column":19},"skip":true},"59":{"start":{"line":274,"column":20},"end":{"line":274,"column":35},"skip":true},"60":{"start":{"line":275,"column":20},"end":{"line":284,"column":21},"skip":true},"61":{"start":{"line":277,"column":24},"end":{"line":277,"column":64},"skip":true},"62":{"start":{"line":279,"column":24},"end":{"line":279,"column":40},"skip":true},"63":{"start":{"line":281,"column":24},"end":{"line":281,"column":40},"skip":true},"64":{"start":{"line":283,"column":24},"end":{"line":283,"column":39},"skip":true},"65":{"start":{"line":288,"column":8},"end":{"line":290,"column":9},"skip":true},"66":{"start":{"line":289,"column":12},"end":{"line":289,"column":18},"skip":true},"67":{"start":{"line":291,"column":8},"end":{"line":293,"column":54},"skip":true},"68":{"start":{"line":296,"column":8},"end":{"line":301,"column":37},"skip":true},"69":{"start":{"line":303,"column":8},"end":{"line":303,"column":82},"skip":true},"70":{"start":{"line":306,"column":8},"end":{"line":308,"column":9},"skip":true},"71":{"start":{"line":307,"column":12},"end":{"line":307,"column":82},"skip":true},"72":{"start":{"line":310,"column":8},"end":{"line":312,"column":9},"skip":true},"73":{"start":{"line":311,"column":12},"end":{"line":311,"column":18},"skip":true},"74":{"start":{"line":313,"column":8},"end":{"line":313,"column":54},"skip":true},"75":{"start":{"line":314,"column":8},"end":{"line":314,"column":69},"skip":true},"76":{"start":{"line":315,"column":8},"end":{"line":323,"column":36},"skip":true},"77":{"start":{"line":316,"column":12},"end":{"line":316,"column":61},"skip":true},"78":{"start":{"line":317,"column":12},"end":{"line":320,"column":13},"skip":true},"79":{"start":{"line":318,"column":16},"end":{"line":318,"column":75},"skip":true},"80":{"start":{"line":319,"column":16},"end":{"line":319,"column":23},"skip":true},"81":{"start":{"line":321,"column":12},"end":{"line":321,"column":38},"skip":true},"82":{"start":{"line":322,"column":12},"end":{"line":322,"column":27},"skip":true},"83":{"start":{"line":324,"column":8},"end":{"line":324,"column":14},"skip":true}},"branchMap":{"1":{"line":39,"type":"binary-expr","locations":[{"start":{"line":39,"column":23},"end":{"line":39,"column":62}},{"start":{"line":40,"column":20},"end":{"line":40,"column":70}},{"start":{"line":41,"column":20},"end":{"line":41,"column":71}},{"start":{"line":42,"column":20},"end":{"line":42,"column":29}}]},"2":{"line":44,"type":"binary-expr","locations":[{"start":{"line":44,"column":23},"end":{"line":44,"column":37}},{"start":{"line":45,"column":20},"end":{"line":45,"column":61}},{"start":{"line":46,"column":20},"end":{"line":46,"column":70}},{"start":{"line":47,"column":20},"end":{"line":47,"column":26}}]},"3":{"line":51,"type":"cond-expr","locations":[{"start":{"line":52,"column":14},"end":{"line":52,"column":20}},{"start":{"line":53,"column":14},"end":{"line":53,"column":20}}]},"4":{"line":55,"type":"binary-expr","locations":[{"start":{"line":55,"column":16},"end":{"line":55,"column":44}},{"start":{"line":55,"column":49},"end":{"line":57,"column":43}}]},"5":{"line":55,"type":"cond-expr","locations":[{"start":{"line":56,"column":14},"end":{"line":56,"column":54}},{"start":{"line":57,"column":14},"end":{"line":57,"column":43}}]},"6":{"line":61,"type":"switch","locations":[{"start":{"line":68,"column":4},"end":{"line":150,"column":14},"skip":true},{"start":{"line":156,"column":4},"end":{"line":324,"column":14},"skip":true}]},"7":{"line":70,"type":"if","locations":[{"start":{"line":70,"column":12},"end":{"line":70,"column":12},"skip":true},{"start":{"line":70,"column":12},"end":{"line":70,"column":12},"skip":true}]},"8":{"line":70,"type":"binary-expr","locations":[{"start":{"line":70,"column":16},"end":{"line":70,"column":22},"skip":true},{"start":{"line":70,"column":27},"end":{"line":70,"column":32},"skip":true},{"start":{"line":71,"column":20},"end":{"line":71,"column":39},"skip":true},{"start":{"line":72,"column":20},"end":{"line":72,"column":49},"skip":true},{"start":{"line":73,"column":20},"end":{"line":73,"column":58},"skip":true},{"start":{"line":74,"column":20},"end":{"line":74,"column":69},"skip":true}]},"9":{"line":79,"type":"switch","locations":[{"start":{"line":80,"column":20},"end":{"line":80,"column":33},"skip":true},{"start":{"line":81,"column":20},"end":{"line":83,"column":30},"skip":true},{"start":{"line":84,"column":20},"end":{"line":85,"column":49},"skip":true}]},"10":{"line":89,"type":"switch","locations":[{"start":{"line":90,"column":12},"end":{"line":103,"column":22},"skip":true},{"start":{"line":105,"column":12},"end":{"line":106,"column":22},"skip":true}]},"11":{"line":89,"type":"binary-expr","locations":[{"start":{"line":89,"column":20},"end":{"line":89,"column":25},"skip":true},{"start":{"line":89,"column":29},"end":{"line":89,"column":48},"skip":true},{"start":{"line":89,"column":52},"end":{"line":89,"column":74},"skip":true}]},"12":{"line":92,"type":"if","locations":[{"start":{"line":92,"column":16},"end":{"line":92,"column":16},"skip":true},{"start":{"line":92,"column":16},"end":{"line":92,"column":16},"skip":true}]},"13":{"line":108,"type":"if","locations":[{"start":{"line":108,"column":12},"end":{"line":108,"column":12},"skip":true},{"start":{"line":108,"column":12},"end":{"line":108,"column":12},"skip":true}]},"14":{"line":108,"type":"binary-expr","locations":[{"start":{"line":108,"column":16},"end":{"line":108,"column":61},"skip":true},{"start":{"line":108,"column":66},"end":{"line":108,"column":72},"skip":true},{"start":{"line":108,"column":77},"end":{"line":108,"column":82},"skip":true},{"start":{"line":109,"column":20},"end":{"line":109,"column":39},"skip":true},{"start":{"line":110,"column":20},"end":{"line":110,"column":49},"skip":true},{"start":{"line":111,"column":20},"end":{"line":111,"column":58},"skip":true},{"start":{"line":112,"column":20},"end":{"line":112,"column":68},"skip":true}]},"15":{"line":129,"type":"if","locations":[{"start":{"line":129,"column":16},"end":{"line":129,"column":16},"skip":true},{"start":{"line":129,"column":16},"end":{"line":129,"column":16},"skip":true}]},"16":{"line":134,"type":"cond-expr","locations":[{"start":{"line":135,"column":26},"end":{"line":135,"column":29},"skip":true},{"start":{"line":136,"column":26},"end":{"line":136,"column":54},"skip":true}]},"17":{"line":164,"type":"binary-expr","locations":[{"start":{"line":164,"column":27},"end":{"line":164,"column":43},"skip":true},{"start":{"line":164,"column":47},"end":{"line":164,"column":49},"skip":true}]},"18":{"line":258,"type":"if","locations":[{"start":{"line":258,"column":8},"end":{"line":258,"column":8},"skip":true},{"start":{"line":258,"column":8},"end":{"line":258,"column":8},"skip":true}]},"19":{"line":275,"type":"switch","locations":[{"start":{"line":276,"column":20},"end":{"line":277,"column":64},"skip":true},{"start":{"line":278,"column":20},"end":{"line":279,"column":40},"skip":true},{"start":{"line":280,"column":20},"end":{"line":281,"column":40},"skip":true},{"start":{"line":282,"column":20},"end":{"line":283,"column":39},"skip":true}]},"20":{"line":288,"type":"if","locations":[{"start":{"line":288,"column":8},"end":{"line":288,"column":8},"skip":true},{"start":{"line":288,"column":8},"end":{"line":288,"column":8},"skip":true}]},"21":{"line":288,"type":"binary-expr","locations":[{"start":{"line":288,"column":12},"end":{"line":288,"column":40},"skip":true},{"start":{"line":288,"column":44},"end":{"line":288,"column":67},"skip":true}]},"22":{"line":292,"type":"binary-expr","locations":[{"start":{"line":292,"column":12},"end":{"line":292,"column":50},"skip":true},{"start":{"line":293,"column":12},"end":{"line":293,"column":53},"skip":true}]},"23":{"line":297,"type":"binary-expr","locations":[{"start":{"line":297,"column":12},"end":{"line":297,"column":68},"skip":true},{"start":{"line":298,"column":12},"end":{"line":301,"column":36},"skip":true}]},"24":{"line":303,"type":"binary-expr","locations":[{"start":{"line":303,"column":43},"end":{"line":303,"column":75},"skip":true},{"start":{"line":303,"column":79},"end":{"line":303,"column":81},"skip":true}]},"25":{"line":306,"type":"if","locations":[{"start":{"line":306,"column":8},"end":{"line":306,"column":8},"skip":true},{"start":{"line":306,"column":8},"end":{"line":306,"column":8},"skip":true}]},"26":{"line":310,"type":"if","locations":[{"start":{"line":310,"column":8},"end":{"line":310,"column":8},"skip":true},{"start":{"line":310,"column":8},"end":{"line":310,"column":8},"skip":true}]},"27":{"line":313,"type":"binary-expr","locations":[{"start":{"line":313,"column":27},"end":{"line":313,"column":43},"skip":true},{"start":{"line":313,"column":47},"end":{"line":313,"column":53},"skip":true}]},"28":{"line":317,"type":"if","locations":[{"start":{"line":317,"column":12},"end":{"line":317,"column":12},"skip":true},{"start":{"line":317,"column":12},"end":{"line":317,"column":12},"skip":true}]}},"code":["/*","example.js","","quickstart example","","instruction","    1. save this script as example.js","    2. run the shell command:","        $ npm install npmtest-linkify-it && PORT=8081 node example.js","    3. play with the browser-demo on http://127.0.0.1:8081","*/","","","","/* istanbul instrument in package npmtest_linkify_it */","/*jslint","    bitwise: true,","    browser: true,","    maxerr: 8,","    maxlen: 96,","    node: true,","    nomen: true,","    regexp: true,","    stupid: true","*/","(function () {","    'use strict';","    var local;","","","","    // run shared js-env code - pre-init","    (function () {","        // init local","        local = {};","        // init modeJs","        local.modeJs = (function () {","            try {","                return typeof navigator.userAgent === 'string' &&","                    typeof document.querySelector('body') === 'object' &&","                    typeof XMLHttpRequest.prototype.open === 'function' &&","                    'browser';","            } catch (errorCaughtBrowser) {","                return module.exports &&","                    typeof process.versions.node === 'string' &&","                    typeof require('http').createServer === 'function' &&","                    'node';","            }","        }());","        // init global","        local.global = local.modeJs === 'browser'","            ? window","            : global;","        // init utility2_rollup","        local = local.global.utility2_rollup || (local.modeJs === 'browser'","            ? local.global.utility2_npmtest_linkify_it","            : global.utility2_moduleExports);","        // export local","        local.global.local = local;","    }());","    switch (local.modeJs) {","","","","    // post-init","    // run browser js-env code - post-init","    /* istanbul ignore next */","    case 'browser':","        local.testRunBrowser = function (event) {","            if (!event || (event &&","                    event.currentTarget &&","                    event.currentTarget.className &&","                    event.currentTarget.className.includes &&","                    event.currentTarget.className.includes('onreset'))) {","                // reset output","                Array.from(","                    document.querySelectorAll('body > .resettable')","                ).forEach(function (element) {","                    switch (element.tagName) {","                    case 'INPUT':","                    case 'TEXTAREA':","                        element.value = '';","                        break;","                    default:","                        element.textContent = '';","                    }","                });","            }","            switch (event && event.currentTarget && event.currentTarget.id) {","            case 'testRunButton1':","                // show tests","                if (document.querySelector('#testReportDiv1').style.display === 'none') {","                    document.querySelector('#testReportDiv1').style.display = 'block';","                    document.querySelector('#testRunButton1').textContent =","                        'hide internal test';","                    local.modeTest = true;","                    local.testRunDefault(local);","                // hide tests","                } else {","                    document.querySelector('#testReportDiv1').style.display = 'none';","                    document.querySelector('#testRunButton1').textContent = 'run internal test';","                }","                break;","            // custom-case","            default:","                break;","            }","            if (document.querySelector('#inputTextareaEval1') && (!event || (event &&","                    event.currentTarget &&","                    event.currentTarget.className &&","                    event.currentTarget.className.includes &&","                    event.currentTarget.className.includes('oneval')))) {","                // try to eval input-code","                try {","                    /*jslint evil: true*/","                    eval(document.querySelector('#inputTextareaEval1').value);","                } catch (errorCaught) {","                    console.error(errorCaught);","                }","            }","        };","        // log stderr and stdout to #outputTextareaStdout1","        ['error', 'log'].forEach(function (key) {","            console[key + '_original'] = console[key];","            console[key] = function () {","                var element;","                console[key + '_original'].apply(console, arguments);","                element = document.querySelector('#outputTextareaStdout1');","                if (!element) {","                    return;","                }","                // append text to #outputTextareaStdout1","                element.value += Array.from(arguments).map(function (arg) {","                    return typeof arg === 'string'","                        ? arg","                        : JSON.stringify(arg, null, 4);","                }).join(' ') + '\\n';","                // scroll textarea to bottom","                element.scrollTop = element.scrollHeight;","            };","        });","        // init event-handling","        ['change', 'click', 'keyup'].forEach(function (event) {","            Array.from(document.querySelectorAll('.on' + event)).forEach(function (element) {","                element.addEventListener(event, local.testRunBrowser);","            });","        });","        // run tests","        local.testRunBrowser();","        break;","","","","    // run node js-env code - post-init","    /* istanbul ignore next */","    case 'node':","        // export local","        module.exports = local;","        // require modules","        local.fs = require('fs');","        local.http = require('http');","        local.url = require('url');","        // init assets","        local.assetsDict = local.assetsDict || {};","        /* jslint-ignore-begin */","        local.assetsDict['/assets.index.template.html'] = '\\","<!doctype html>\\n\\","<html lang=\"en\">\\n\\","<head>\\n\\","<meta charset=\"UTF-8\">\\n\\","<meta name=\"viewport\" content=\"width=device-width, initial-scale=1\">\\n\\","<title>{{env.npm_package_name}} (v{{env.npm_package_version}})</title>\\n\\","<style>\\n\\","/*csslint\\n\\","    box-sizing: false,\\n\\","    universal-selector: false\\n\\","*/\\n\\","* {\\n\\","    box-sizing: border-box;\\n\\","}\\n\\","body {\\n\\","    background: #dde;\\n\\","    font-family: Arial, Helvetica, sans-serif;\\n\\","    margin: 2rem;\\n\\","}\\n\\","body > * {\\n\\","    margin-bottom: 1rem;\\n\\","}\\n\\",".utility2FooterDiv {\\n\\","    margin-top: 20px;\\n\\","    text-align: center;\\n\\","}\\n\\","</style>\\n\\","<style>\\n\\","/*csslint\\n\\","*/\\n\\","textarea {\\n\\","    font-family: monospace;\\n\\","    height: 10rem;\\n\\","    width: 100%;\\n\\","}\\n\\","textarea[readonly] {\\n\\","    background: #ddd;\\n\\","}\\n\\","</style>\\n\\","</head>\\n\\","<body>\\n\\","<!-- utility2-comment\\n\\","<div id=\"ajaxProgressDiv1\" style=\"background: #d00; height: 2px; left: 0; margin: 0; padding: 0; position: fixed; top: 0; transition: background 0.5s, width 1.5s; width: 25%;\"></div>\\n\\","utility2-comment -->\\n\\","<h1>\\n\\","<!-- utility2-comment\\n\\","    <a\\n\\","        {{#if env.npm_package_homepage}}\\n\\","        href=\"{{env.npm_package_homepage}}\"\\n\\","        {{/if env.npm_package_homepage}}\\n\\","        target=\"_blank\"\\n\\","    >\\n\\","utility2-comment -->\\n\\","        {{env.npm_package_name}} (v{{env.npm_package_version}})\\n\\","<!-- utility2-comment\\n\\","    </a>\\n\\","utility2-comment -->\\n\\","</h1>\\n\\","<h3>{{env.npm_package_description}}</h3>\\n\\","<!-- utility2-comment\\n\\","<h4><a download href=\"assets.app.js\">download standalone app</a></h4>\\n\\","<button class=\"onclick onreset\" id=\"testRunButton1\">run internal test</button><br>\\n\\","<div id=\"testReportDiv1\" style=\"display: none;\"></div>\\n\\","utility2-comment -->\\n\\","\\n\\","\\n\\","\\n\\","<label>stderr and stdout</label>\\n\\","<textarea class=\"resettable\" id=\"outputTextareaStdout1\" readonly></textarea>\\n\\","<!-- utility2-comment\\n\\","{{#if isRollup}}\\n\\","<script src=\"assets.app.js\"></script>\\n\\","{{#unless isRollup}}\\n\\","utility2-comment -->\\n\\","<script src=\"assets.utility2.rollup.js\"></script>\\n\\","<script src=\"jsonp.utility2._stateInit?callback=window.utility2._stateInit\"></script>\\n\\","<script src=\"assets.npmtest_linkify_it.rollup.js\"></script>\\n\\","<script src=\"assets.example.js\"></script>\\n\\","<script src=\"assets.test.js\"></script>\\n\\","<!-- utility2-comment\\n\\","{{/if isRollup}}\\n\\","utility2-comment -->\\n\\","<div class=\"utility2FooterDiv\">\\n\\","    [ this app was created with\\n\\","    <a href=\"https://github.com/kaizhu256/node-utility2\" target=\"_blank\">utility2</a>\\n\\","    ]\\n\\","</div>\\n\\","</body>\\n\\","</html>\\n\\","';","        /* jslint-ignore-end */","        if (local.templateRender) {","            local.assetsDict['/'] = local.templateRender(","                local.assetsDict['/assets.index.template.html'],","                {","                    env: local.objectSetDefault(local.env, {","                        npm_package_description: 'the greatest app in the world!',","                        npm_package_name: 'my-app',","                        npm_package_nameAlias: 'my_app',","                        npm_package_version: '0.0.1'","                    })","                }","            );","        } else {","            local.assetsDict['/'] = local.assetsDict['/assets.index.template.html']","                .replace((/\\{\\{env\\.(\\w+?)\\}\\}/g), function (match0, match1) {","                    // jslint-hack","                    String(match0);","                    switch (match1) {","                    case 'npm_package_description':","                        return 'the greatest app in the world!';","                    case 'npm_package_name':","                        return 'my-app';","                    case 'npm_package_nameAlias':","                        return 'my_app';","                    case 'npm_package_version':","                        return '0.0.1';","                    }","                });","        }","        // run the cli","        if (local.global.utility2_rollup || module !== require.main) {","            break;","        }","        local.assetsDict['/assets.example.js'] =","            local.assetsDict['/assets.example.js'] ||","            local.fs.readFileSync(__filename, 'utf8');","        // bug-workaround - long $npm_package_buildCustomOrg","        /* jslint-ignore-begin */","        local.assetsDict['/assets.npmtest_linkify_it.rollup.js'] =","            local.assetsDict['/assets.npmtest_linkify_it.rollup.js'] ||","            local.fs.readFileSync(","                local.npmtest_linkify_it.__dirname + '/lib.npmtest_linkify_it.js',","                'utf8'","            ).replace((/^#!/), '//');","        /* jslint-ignore-end */","        local.assetsDict['/favicon.ico'] = local.assetsDict['/favicon.ico'] || '';","        // if $npm_config_timeout_exit exists,","        // then exit this process after $npm_config_timeout_exit ms","        if (Number(process.env.npm_config_timeout_exit)) {","            setTimeout(process.exit, Number(process.env.npm_config_timeout_exit));","        }","        // start server","        if (local.global.utility2_serverHttp1) {","            break;","        }","        process.env.PORT = process.env.PORT || '8081';","        console.error('server starting on port ' + process.env.PORT);","        local.http.createServer(function (request, response) {","            request.urlParsed = local.url.parse(request.url);","            if (local.assetsDict[request.urlParsed.pathname] !== undefined) {","                response.end(local.assetsDict[request.urlParsed.pathname]);","                return;","            }","            response.statusCode = 404;","            response.end();","        }).listen(process.env.PORT);","        break;","    }","}());",""],"l":{"26":2,"28":2,"33":2,"35":2,"37":2,"38":2,"39":2,"44":1,"51":2,"55":2,"59":2,"61":2,"69":1,"70":2,"76":2,"79":2,"82":2,"83":2,"85":1,"89":2,"92":1,"93":1,"94":1,"96":1,"97":1,"100":1,"101":1,"103":1,"106":1,"108":2,"114":1,"116":1,"118":1,"123":1,"124":2,"125":2,"126":3,"127":3,"128":3,"129":3,"130":1,"133":3,"134":3,"139":3,"143":1,"144":3,"145":1,"149":1,"150":1,"158":1,"160":1,"161":1,"162":1,"164":1,"166":1,"258":1,"259":1,"271":1,"274":6,"275":6,"277":1,"279":2,"281":1,"283":2,"288":1,"289":1,"291":1,"296":1,"303":1,"306":1,"307":1,"310":1,"311":1,"313":1,"314":1,"315":1,"316":1,"317":1,"318":1,"319":1,"321":1,"322":1,"324":1}},"/home/travis/build/npmtest/node-npmtest-linkify-it/node_modules/linkify-it/index.js":{"path":"/home/travis/build/npmtest/node-npmtest-linkify-it/node_modules/linkify-it/index.js","s":{"1":1,"2":0,"3":0,"4":0,"5":0,"6":0,"7":0,"8":0,"9":1,"10":0,"11":1,"12":0,"13":1,"14":0,"15":1,"16":0,"17":1,"18":0,"19":1,"20":0,"21":1,"22":1,"23":0,"24":0,"25":1,"26":0,"27":0,"28":0,"29":0,"30":0,"31":0,"32":0,"33":0,"34":0,"35":0,"36":0,"37":0,"38":0,"39":0,"40":0,"41":0,"42":0,"43":0,"44":0,"45":0,"46":0,"47":0,"48":1,"49":1,"50":1,"51":0,"52":0,"53":1,"54":0,"55":0,"56":0,"57":0,"58":0,"59":1,"60":0,"61":0,"62":1,"63":0,"64":0,"65":0,"66":0,"67":0,"68":0,"69":0,"70":1,"71":0,"72":0,"73":0,"74":0,"75":0,"76":0,"77":0,"78":1,"79":0,"80":0,"81":0,"82":0,"83":0,"84":0,"85":0,"86":0,"87":0,"88":0,"89":0,"90":0,"91":0,"92":0,"93":0,"94":0,"95":0,"96":0,"97":0,"98":0,"99":0,"100":0,"101":0,"102":0,"103":0,"104":0,"105":0,"106":0,"107":0,"108":0,"109":0,"110":0,"111":0,"112":0,"113":0,"114":1,"115":0,"116":0,"117":0,"118":0,"119":0,"120":0,"121":0,"122":1,"123":0,"124":0,"125":0,"126":1,"127":0,"128":0,"129":0,"130":0,"131":0,"132":0,"133":0,"134":0,"135":0,"136":0,"137":0,"138":0,"139":0,"140":0,"141":0,"142":0,"143":0,"144":1,"145":0,"146":0,"147":0,"148":1,"149":0,"150":0,"151":1,"152":0,"153":0,"154":0,"155":0,"156":0,"157":0,"158":0,"159":0,"160":0,"161":0,"162":0,"163":0,"164":0,"165":0,"166":0,"167":0,"168":0,"169":0,"170":0,"171":0,"172":0,"173":0,"174":0,"175":0,"176":0,"177":0,"178":0,"179":0,"180":0,"181":0,"182":0,"183":0,"184":0,"185":0,"186":0,"187":0,"188":1,"189":0,"190":1,"191":0,"192":0,"193":0,"194":1,"195":0,"196":0,"197":0,"198":0,"199":0,"200":0,"201":0,"202":0,"203":0,"204":0,"205":0,"206":0,"207":1,"208":0,"209":0,"210":0,"211":0,"212":0,"213":0,"214":0,"215":0,"216":0,"217":0,"218":1,"219":0,"220":0,"221":0,"222":0,"223":1,"224":1},"b":{"1":[0,0],"2":[0,0],"3":[0,0],"4":[0,0],"5":[0,0],"6":[0,0],"7":[0,0],"8":[0,0],"9":[0,0],"10":[0,0],"11":[0,0],"12":[0,0],"13":[0,0],"14":[0,0],"15":[0,0],"16":[0,0],"17":[0,0],"18":[0,0],"19":[0,0],"20":[0,0],"21":[0,0],"22":[0,0],"23":[0,0],"24":[0,0],"25":[0,0],"26":[0,0],"27":[0,0],"28":[0,0],"29":[0,0],"30":[0,0],"31":[0,0],"32":[0,0],"33":[0,0],"34":[0,0],"35":[0,0],"36":[0,0],"37":[0,0],"38":[0,0],"39":[0,0],"40":[0,0],"41":[0,0],"42":[0,0],"43":[0,0],"44":[0,0],"45":[0,0,0,0],"46":[0,0],"47":[0,0],"48":[0,0],"49":[0,0],"50":[0,0],"51":[0,0],"52":[0,0],"53":[0,0],"54":[0,0],"55":[0,0]},"f":{"1":0,"2":0,"3":0,"4":0,"5":0,"6":0,"7":0,"8":0,"9":0,"10":0,"11":0,"12":0,"13":0,"14":0,"15":0,"16":0,"17":0,"18":0,"19":0,"20":0,"21":0,"22":0,"23":0,"24":0,"25":0,"26":0,"27":0,"28":0,"29":0,"30":0,"31":0,"32":0,"33":0,"34":0,"35":0,"36":0,"37":0,"38":0},"fnMap":{"1":{"name":"assign","line":9,"loc":{"start":{"line":9,"column":0},"end":{"line":9,"column":50}}},"2":{"name":"(anonymous_2)","line":12,"loc":{"start":{"line":12,"column":18},"end":{"line":12,"column":36}}},"3":{"name":"(anonymous_3)","line":15,"loc":{"start":{"line":15,"column":32},"end":{"line":15,"column":47}}},"4":{"name":"_class","line":23,"loc":{"start":{"line":23,"column":0},"end":{"line":23,"column":21}}},"5":{"name":"isString","line":24,"loc":{"start":{"line":24,"column":0},"end":{"line":24,"column":23}}},"6":{"name":"isObject","line":25,"loc":{"start":{"line":25,"column":0},"end":{"line":25,"column":23}}},"7":{"name":"isRegExp","line":26,"loc":{"start":{"line":26,"column":0},"end":{"line":26,"column":23}}},"8":{"name":"isFunction","line":27,"loc":{"start":{"line":27,"column":0},"end":{"line":27,"column":25}}},"9":{"name":"escapeRE","line":30,"loc":{"start":{"line":30,"column":0},"end":{"line":30,"column":23}}},"10":{"name":"isOptionsObj","line":42,"loc":{"start":{"line":42,"column":0},"end":{"line":42,"column":27}}},"11":{"name":"(anonymous_11)","line":43,"loc":{"start":{"line":43,"column":39},"end":{"line":43,"column":57}}},"12":{"name":"(anonymous_12)","line":51,"loc":{"start":{"line":51,"column":14},"end":{"line":51,"column":41}}},"13":{"name":"(anonymous_13)","line":69,"loc":{"start":{"line":69,"column":14},"end":{"line":69,"column":41}}},"14":{"name":"(anonymous_14)","line":98,"loc":{"start":{"line":98,"column":14},"end":{"line":98,"column":41}}},"15":{"name":"resetScanCache","line":126,"loc":{"start":{"line":126,"column":0},"end":{"line":126,"column":30}}},"16":{"name":"createValidator","line":131,"loc":{"start":{"line":131,"column":0},"end":{"line":131,"column":29}}},"17":{"name":"(anonymous_17)","line":132,"loc":{"start":{"line":132,"column":9},"end":{"line":132,"column":30}}},"18":{"name":"createNormalizer","line":142,"loc":{"start":{"line":142,"column":0},"end":{"line":142,"column":28}}},"19":{"name":"(anonymous_19)","line":143,"loc":{"start":{"line":143,"column":9},"end":{"line":143,"column":32}}},"20":{"name":"compile","line":150,"loc":{"start":{"line":150,"column":0},"end":{"line":150,"column":23}}},"21":{"name":"untpl","line":167,"loc":{"start":{"line":167,"column":2},"end":{"line":167,"column":22}}},"22":{"name":"schemaError","line":182,"loc":{"start":{"line":182,"column":2},"end":{"line":182,"column":34}}},"23":{"name":"(anonymous_23)","line":186,"loc":{"start":{"line":186,"column":40},"end":{"line":186,"column":56}}},"24":{"name":"(anonymous_24)","line":228,"loc":{"start":{"line":228,"column":18},"end":{"line":228,"column":35}}},"25":{"name":"(anonymous_25)","line":250,"loc":{"start":{"line":250,"column":30},"end":{"line":250,"column":46}}},"26":{"name":"Match","line":278,"loc":{"start":{"line":278,"column":0},"end":{"line":278,"column":28}}},"27":{"name":"createMatch","line":321,"loc":{"start":{"line":321,"column":0},"end":{"line":321,"column":34}}},"28":{"name":"LinkifyIt","line":368,"loc":{"start":{"line":368,"column":0},"end":{"line":368,"column":37}}},"29":{"name":"add","line":407,"loc":{"start":{"line":407,"column":26},"end":{"line":407,"column":59}}},"30":{"name":"set","line":420,"loc":{"start":{"line":420,"column":26},"end":{"line":420,"column":48}}},"31":{"name":"test","line":431,"loc":{"start":{"line":431,"column":27},"end":{"line":431,"column":47}}},"32":{"name":"pretest","line":507,"loc":{"start":{"line":507,"column":30},"end":{"line":507,"column":53}}},"33":{"name":"testSchemaAt","line":521,"loc":{"start":{"line":521,"column":35},"end":{"line":521,"column":76}}},"34":{"name":"match","line":546,"loc":{"start":{"line":546,"column":28},"end":{"line":546,"column":49}}},"35":{"name":"tlds","line":589,"loc":{"start":{"line":589,"column":27},"end":{"line":589,"column":56}}},"36":{"name":"(anonymous_36)","line":601,"loc":{"start":{"line":601,"column":42},"end":{"line":601,"column":66}}},"37":{"name":"normalize","line":615,"loc":{"start":{"line":615,"column":32},"end":{"line":615,"column":58}}},"38":{"name":"onCompile","line":633,"loc":{"start":{"line":633,"column":32},"end":{"line":633,"column":53}}}},"statementMap":{"1":{"start":{"line":9,"column":0},"end":{"line":21,"column":1}},"2":{"start":{"line":10,"column":2},"end":{"line":10,"column":57}},"3":{"start":{"line":12,"column":2},"end":{"line":18,"column":5}},"4":{"start":{"line":13,"column":4},"end":{"line":13,"column":28}},"5":{"start":{"line":13,"column":19},"end":{"line":13,"column":26}},"6":{"start":{"line":15,"column":4},"end":{"line":17,"column":7}},"7":{"start":{"line":16,"column":6},"end":{"line":16,"column":29}},"8":{"start":{"line":20,"column":2},"end":{"line":20,"column":13}},"9":{"start":{"line":23,"column":0},"end":{"line":23,"column":68}},"10":{"start":{"line":23,"column":23},"end":{"line":23,"column":66}},"11":{"start":{"line":24,"column":0},"end":{"line":24,"column":68}},"12":{"start":{"line":24,"column":25},"end":{"line":24,"column":66}},"13":{"start":{"line":25,"column":0},"end":{"line":25,"column":68}},"14":{"start":{"line":25,"column":25},"end":{"line":25,"column":66}},"15":{"start":{"line":26,"column":0},"end":{"line":26,"column":68}},"16":{"start":{"line":26,"column":25},"end":{"line":26,"column":66}},"17":{"start":{"line":27,"column":0},"end":{"line":27,"column":72}},"18":{"start":{"line":27,"column":27},"end":{"line":27,"column":70}},"19":{"start":{"line":30,"column":0},"end":{"line":30,"column":78}},"20":{"start":{"line":30,"column":25},"end":{"line":30,"column":76}},"21":{"start":{"line":35,"column":0},"end":{"line":39,"column":2}},"22":{"start":{"line":42,"column":0},"end":{"line":46,"column":1}},"23":{"start":{"line":43,"column":2},"end":{"line":45,"column":12}},"24":{"start":{"line":44,"column":4},"end":{"line":44,"column":51}},"25":{"start":{"line":49,"column":0},"end":{"line":112,"column":2}},"26":{"start":{"line":52,"column":6},"end":{"line":52,"column":33}},"27":{"start":{"line":54,"column":6},"end":{"line":59,"column":7}},"28":{"start":{"line":56,"column":8},"end":{"line":58,"column":10}},"29":{"start":{"line":60,"column":6},"end":{"line":62,"column":7}},"30":{"start":{"line":61,"column":8},"end":{"line":61,"column":50}},"31":{"start":{"line":63,"column":6},"end":{"line":63,"column":15}},"32":{"start":{"line":70,"column":6},"end":{"line":70,"column":33}},"33":{"start":{"line":72,"column":6},"end":{"line":86,"column":7}},"34":{"start":{"line":74,"column":8},"end":{"line":85,"column":10}},"35":{"start":{"line":88,"column":6},"end":{"line":93,"column":7}},"36":{"start":{"line":90,"column":8},"end":{"line":90,"column":60}},"37":{"start":{"line":90,"column":49},"end":{"line":90,"column":58}},"38":{"start":{"line":91,"column":8},"end":{"line":91,"column":60}},"39":{"start":{"line":91,"column":49},"end":{"line":91,"column":58}},"40":{"start":{"line":92,"column":8},"end":{"line":92,"column":53}},"41":{"start":{"line":94,"column":6},"end":{"line":94,"column":15}},"42":{"start":{"line":99,"column":6},"end":{"line":99,"column":33}},"43":{"start":{"line":101,"column":6},"end":{"line":105,"column":7}},"44":{"start":{"line":102,"column":8},"end":{"line":104,"column":10}},"45":{"start":{"line":106,"column":6},"end":{"line":108,"column":7}},"46":{"start":{"line":107,"column":8},"end":{"line":107,"column":52}},"47":{"start":{"line":109,"column":6},"end":{"line":109,"column":15}},"48":{"start":{"line":117,"column":0},"end":{"line":117,"column":368}},"49":{"start":{"line":120,"column":0},"end":{"line":120,"column":108}},"50":{"start":{"line":126,"column":0},"end":{"line":129,"column":1}},"51":{"start":{"line":127,"column":2},"end":{"line":127,"column":22}},"52":{"start":{"line":128,"column":2},"end":{"line":128,"column":29}},"53":{"start":{"line":131,"column":0},"end":{"line":140,"column":1}},"54":{"start":{"line":132,"column":2},"end":{"line":139,"column":4}},"55":{"start":{"line":133,"column":4},"end":{"line":133,"column":31}},"56":{"start":{"line":135,"column":4},"end":{"line":137,"column":5}},"57":{"start":{"line":136,"column":6},"end":{"line":136,"column":38}},"58":{"start":{"line":138,"column":4},"end":{"line":138,"column":13}},"59":{"start":{"line":142,"column":0},"end":{"line":146,"column":1}},"60":{"start":{"line":143,"column":2},"end":{"line":145,"column":4}},"61":{"start":{"line":144,"column":4},"end":{"line":144,"column":26}},"62":{"start":{"line":150,"column":0},"end":{"line":271,"column":1}},"63":{"start":{"line":153,"column":2},"end":{"line":153,"column":56}},"64":{"start":{"line":156,"column":2},"end":{"line":156,"column":35}},"65":{"start":{"line":158,"column":2},"end":{"line":158,"column":19}},"66":{"start":{"line":160,"column":2},"end":{"line":162,"column":3}},"67":{"start":{"line":161,"column":4},"end":{"line":161,"column":31}},"68":{"start":{"line":163,"column":2},"end":{"line":163,"column":23}},"69":{"start":{"line":165,"column":2},"end":{"line":165,"column":31}},"70":{"start":{"line":167,"column":2},"end":{"line":167,"column":68}},"71":{"start":{"line":167,"column":24},"end":{"line":167,"column":66}},"72":{"start":{"line":169,"column":2},"end":{"line":169,"column":63}},"73":{"start":{"line":170,"column":2},"end":{"line":170,"column":62}},"74":{"start":{"line":171,"column":2},"end":{"line":171,"column":68}},"75":{"start":{"line":172,"column":2},"end":{"line":172,"column":67}},"76":{"start":{"line":178,"column":2},"end":{"line":178,"column":19}},"77":{"start":{"line":180,"column":2},"end":{"line":180,"column":25}},"78":{"start":{"line":182,"column":2},"end":{"line":184,"column":3}},"79":{"start":{"line":183,"column":4},"end":{"line":183,"column":73}},"80":{"start":{"line":186,"column":2},"end":{"line":222,"column":5}},"81":{"start":{"line":187,"column":4},"end":{"line":187,"column":37}},"82":{"start":{"line":190,"column":4},"end":{"line":190,"column":33}},"83":{"start":{"line":190,"column":24},"end":{"line":190,"column":31}},"84":{"start":{"line":192,"column":4},"end":{"line":192,"column":50}},"85":{"start":{"line":194,"column":4},"end":{"line":194,"column":39}},"86":{"start":{"line":196,"column":4},"end":{"line":214,"column":5}},"87":{"start":{"line":197,"column":6},"end":{"line":203,"column":7}},"88":{"start":{"line":198,"column":8},"end":{"line":198,"column":58}},"89":{"start":{"line":199,"column":13},"end":{"line":203,"column":7}},"90":{"start":{"line":200,"column":8},"end":{"line":200,"column":41}},"91":{"start":{"line":202,"column":8},"end":{"line":202,"column":31}},"92":{"start":{"line":205,"column":6},"end":{"line":211,"column":7}},"93":{"start":{"line":206,"column":8},"end":{"line":206,"column":43}},"94":{"start":{"line":207,"column":13},"end":{"line":211,"column":7}},"95":{"start":{"line":208,"column":8},"end":{"line":208,"column":48}},"96":{"start":{"line":210,"column":8},"end":{"line":210,"column":31}},"97":{"start":{"line":213,"column":6},"end":{"line":213,"column":13}},"98":{"start":{"line":216,"column":4},"end":{"line":219,"column":5}},"99":{"start":{"line":217,"column":6},"end":{"line":217,"column":25}},"100":{"start":{"line":218,"column":6},"end":{"line":218,"column":13}},"101":{"start":{"line":221,"column":4},"end":{"line":221,"column":27}},"102":{"start":{"line":228,"column":2},"end":{"line":239,"column":5}},"103":{"start":{"line":229,"column":4},"end":{"line":233,"column":5}},"104":{"start":{"line":232,"column":6},"end":{"line":232,"column":13}},"105":{"start":{"line":235,"column":4},"end":{"line":236,"column":58}},"106":{"start":{"line":237,"column":4},"end":{"line":238,"column":59}},"107":{"start":{"line":244,"column":2},"end":{"line":244,"column":76}},"108":{"start":{"line":249,"column":2},"end":{"line":255,"column":33}},"109":{"start":{"line":252,"column":24},"end":{"line":252,"column":74}},"110":{"start":{"line":257,"column":2},"end":{"line":257,"column":100}},"111":{"start":{"line":258,"column":2},"end":{"line":258,"column":101}},"112":{"start":{"line":260,"column":2},"end":{"line":264,"column":33}},"113":{"start":{"line":270,"column":2},"end":{"line":270,"column":23}},"114":{"start":{"line":278,"column":0},"end":{"line":319,"column":1}},"115":{"start":{"line":279,"column":2},"end":{"line":281,"column":52}},"116":{"start":{"line":288,"column":2},"end":{"line":288,"column":49}},"117":{"start":{"line":294,"column":2},"end":{"line":294,"column":33}},"118":{"start":{"line":300,"column":2},"end":{"line":300,"column":31}},"119":{"start":{"line":306,"column":2},"end":{"line":306,"column":24}},"120":{"start":{"line":312,"column":2},"end":{"line":312,"column":24}},"121":{"start":{"line":318,"column":2},"end":{"line":318,"column":24}},"122":{"start":{"line":321,"column":0},"end":{"line":327,"column":1}},"123":{"start":{"line":322,"column":2},"end":{"line":322,"column":37}},"124":{"start":{"line":324,"column":2},"end":{"line":324,"column":57}},"125":{"start":{"line":326,"column":2},"end":{"line":326,"column":15}},"126":{"start":{"line":368,"column":0},"end":{"line":397,"column":1}},"127":{"start":{"line":369,"column":2},"end":{"line":371,"column":3}},"128":{"start":{"line":370,"column":4},"end":{"line":370,"column":43}},"129":{"start":{"line":373,"column":2},"end":{"line":378,"column":3}},"130":{"start":{"line":374,"column":4},"end":{"line":377,"column":5}},"131":{"start":{"line":375,"column":6},"end":{"line":375,"column":24}},"132":{"start":{"line":376,"column":6},"end":{"line":376,"column":19}},"133":{"start":{"line":380,"column":2},"end":{"line":380,"column":64}},"134":{"start":{"line":383,"column":2},"end":{"line":383,"column":31}},"135":{"start":{"line":384,"column":2},"end":{"line":384,"column":31}},"136":{"start":{"line":385,"column":2},"end":{"line":385,"column":31}},"137":{"start":{"line":386,"column":2},"end":{"line":386,"column":31}},"138":{"start":{"line":388,"column":2},"end":{"line":388,"column":64}},"139":{"start":{"line":389,"column":2},"end":{"line":389,"column":31}},"140":{"start":{"line":391,"column":2},"end":{"line":391,"column":41}},"141":{"start":{"line":392,"column":2},"end":{"line":392,"column":34}},"142":{"start":{"line":394,"column":2},"end":{"line":394,"column":15}},"143":{"start":{"line":396,"column":2},"end":{"line":396,"column":16}},"144":{"start":{"line":407,"column":0},"end":{"line":411,"column":2}},"145":{"start":{"line":408,"column":2},"end":{"line":408,"column":40}},"146":{"start":{"line":409,"column":2},"end":{"line":409,"column":16}},"147":{"start":{"line":410,"column":2},"end":{"line":410,"column":14}},"148":{"start":{"line":420,"column":0},"end":{"line":423,"column":2}},"149":{"start":{"line":421,"column":2},"end":{"line":421,"column":49}},"150":{"start":{"line":422,"column":2},"end":{"line":422,"column":14}},"151":{"start":{"line":431,"column":0},"end":{"line":497,"column":2}},"152":{"start":{"line":433,"column":2},"end":{"line":433,"column":29}},"153":{"start":{"line":434,"column":2},"end":{"line":434,"column":27}},"154":{"start":{"line":436,"column":2},"end":{"line":436,"column":37}},"155":{"start":{"line":436,"column":22},"end":{"line":436,"column":35}},"156":{"start":{"line":438,"column":2},"end":{"line":438,"column":55}},"157":{"start":{"line":441,"column":2},"end":{"line":453,"column":3}},"158":{"start":{"line":442,"column":4},"end":{"line":442,"column":31}},"159":{"start":{"line":443,"column":4},"end":{"line":443,"column":21}},"160":{"start":{"line":444,"column":4},"end":{"line":452,"column":5}},"161":{"start":{"line":445,"column":6},"end":{"line":445,"column":56}},"162":{"start":{"line":446,"column":6},"end":{"line":451,"column":7}},"163":{"start":{"line":447,"column":8},"end":{"line":447,"column":35}},"164":{"start":{"line":448,"column":8},"end":{"line":448,"column":52}},"165":{"start":{"line":449,"column":8},"end":{"line":449,"column":58}},"166":{"start":{"line":450,"column":8},"end":{"line":450,"column":14}},"167":{"start":{"line":455,"column":2},"end":{"line":473,"column":3}},"168":{"start":{"line":457,"column":4},"end":{"line":457,"column":51}},"169":{"start":{"line":458,"column":4},"end":{"line":472,"column":5}},"170":{"start":{"line":460,"column":6},"end":{"line":471,"column":7}},"171":{"start":{"line":461,"column":8},"end":{"line":470,"column":9}},"172":{"start":{"line":463,"column":10},"end":{"line":463,"column":42}},"173":{"start":{"line":465,"column":10},"end":{"line":469,"column":11}},"174":{"start":{"line":466,"column":12},"end":{"line":466,"column":37}},"175":{"start":{"line":467,"column":12},"end":{"line":467,"column":40}},"176":{"start":{"line":468,"column":12},"end":{"line":468,"column":58}},"177":{"start":{"line":475,"column":2},"end":{"line":494,"column":3}},"178":{"start":{"line":477,"column":4},"end":{"line":477,"column":31}},"179":{"start":{"line":478,"column":4},"end":{"line":493,"column":5}},"180":{"start":{"line":481,"column":6},"end":{"line":492,"column":7}},"181":{"start":{"line":483,"column":8},"end":{"line":483,"column":40}},"182":{"start":{"line":484,"column":8},"end":{"line":484,"column":40}},"183":{"start":{"line":486,"column":8},"end":{"line":491,"column":9}},"184":{"start":{"line":488,"column":10},"end":{"line":488,"column":42}},"185":{"start":{"line":489,"column":10},"end":{"line":489,"column":38}},"186":{"start":{"line":490,"column":10},"end":{"line":490,"column":37}},"187":{"start":{"line":496,"column":2},"end":{"line":496,"column":29}},"188":{"start":{"line":507,"column":0},"end":{"line":509,"column":2}},"189":{"start":{"line":508,"column":2},"end":{"line":508,"column":36}},"190":{"start":{"line":521,"column":0},"end":{"line":527,"column":2}},"191":{"start":{"line":523,"column":2},"end":{"line":525,"column":3}},"192":{"start":{"line":524,"column":4},"end":{"line":524,"column":13}},"193":{"start":{"line":526,"column":2},"end":{"line":526,"column":75}},"194":{"start":{"line":546,"column":0},"end":{"line":571,"column":2}},"195":{"start":{"line":547,"column":2},"end":{"line":547,"column":29}},"196":{"start":{"line":550,"column":2},"end":{"line":553,"column":3}},"197":{"start":{"line":551,"column":4},"end":{"line":551,"column":42}},"198":{"start":{"line":552,"column":4},"end":{"line":552,"column":32}},"199":{"start":{"line":556,"column":2},"end":{"line":556,"column":46}},"200":{"start":{"line":559,"column":2},"end":{"line":564,"column":3}},"201":{"start":{"line":560,"column":4},"end":{"line":560,"column":42}},"202":{"start":{"line":562,"column":4},"end":{"line":562,"column":43}},"203":{"start":{"line":563,"column":4},"end":{"line":563,"column":33}},"204":{"start":{"line":566,"column":2},"end":{"line":568,"column":3}},"205":{"start":{"line":567,"column":4},"end":{"line":567,"column":18}},"206":{"start":{"line":570,"column":2},"end":{"line":570,"column":14}},"207":{"start":{"line":589,"column":0},"end":{"line":608,"column":2}},"208":{"start":{"line":590,"column":2},"end":{"line":590,"column":47}},"209":{"start":{"line":592,"column":2},"end":{"line":597,"column":3}},"210":{"start":{"line":593,"column":4},"end":{"line":593,"column":33}},"211":{"start":{"line":594,"column":4},"end":{"line":594,"column":34}},"212":{"start":{"line":595,"column":4},"end":{"line":595,"column":18}},"213":{"start":{"line":596,"column":4},"end":{"line":596,"column":16}},"214":{"start":{"line":599,"column":2},"end":{"line":604,"column":45}},"215":{"start":{"line":602,"column":36},"end":{"line":602,"column":63}},"216":{"start":{"line":606,"column":2},"end":{"line":606,"column":16}},"217":{"start":{"line":607,"column":2},"end":{"line":607,"column":14}},"218":{"start":{"line":615,"column":0},"end":{"line":625,"column":2}},"219":{"start":{"line":620,"column":2},"end":{"line":620,"column":59}},"220":{"start":{"line":620,"column":23},"end":{"line":620,"column":57}},"221":{"start":{"line":622,"column":2},"end":{"line":624,"column":3}},"222":{"start":{"line":623,"column":4},"end":{"line":623,"column":38}},"223":{"start":{"line":633,"column":0},"end":{"line":634,"column":2}},"224":{"start":{"line":637,"column":0},"end":{"line":637,"column":27}}},"branchMap":{"1":{"line":13,"type":"if","locations":[{"start":{"line":13,"column":4},"end":{"line":13,"column":4}},{"start":{"line":13,"column":4},"end":{"line":13,"column":4}}]},"2":{"line":43,"type":"binary-expr","locations":[{"start":{"line":43,"column":21},"end":{"line":43,"column":24}},{"start":{"line":43,"column":28},"end":{"line":43,"column":30}}]},"3":{"line":44,"type":"binary-expr","locations":[{"start":{"line":44,"column":11},"end":{"line":44,"column":14}},{"start":{"line":44,"column":18},"end":{"line":44,"column":50}}]},"4":{"line":54,"type":"if","locations":[{"start":{"line":54,"column":6},"end":{"line":54,"column":6}},{"start":{"line":54,"column":6},"end":{"line":54,"column":6}}]},"5":{"line":60,"type":"if","locations":[{"start":{"line":60,"column":6},"end":{"line":60,"column":6}},{"start":{"line":60,"column":6},"end":{"line":60,"column":6}}]},"6":{"line":72,"type":"if","locations":[{"start":{"line":72,"column":6},"end":{"line":72,"column":6}},{"start":{"line":72,"column":6},"end":{"line":72,"column":6}}]},"7":{"line":88,"type":"if","locations":[{"start":{"line":88,"column":6},"end":{"line":88,"column":6}},{"start":{"line":88,"column":6},"end":{"line":88,"column":6}}]},"8":{"line":90,"type":"if","locations":[{"start":{"line":90,"column":8},"end":{"line":90,"column":8}},{"start":{"line":90,"column":8},"end":{"line":90,"column":8}}]},"9":{"line":90,"type":"binary-expr","locations":[{"start":{"line":90,"column":12},"end":{"line":90,"column":20}},{"start":{"line":90,"column":24},"end":{"line":90,"column":45}}]},"10":{"line":91,"type":"if","locations":[{"start":{"line":91,"column":8},"end":{"line":91,"column":8}},{"start":{"line":91,"column":8},"end":{"line":91,"column":8}}]},"11":{"line":91,"type":"binary-expr","locations":[{"start":{"line":91,"column":12},"end":{"line":91,"column":20}},{"start":{"line":91,"column":24},"end":{"line":91,"column":45}}]},"12":{"line":101,"type":"if","locations":[{"start":{"line":101,"column":6},"end":{"line":101,"column":6}},{"start":{"line":101,"column":6},"end":{"line":101,"column":6}}]},"13":{"line":106,"type":"if","locations":[{"start":{"line":106,"column":6},"end":{"line":106,"column":6}},{"start":{"line":106,"column":6},"end":{"line":106,"column":6}}]},"14":{"line":135,"type":"if","locations":[{"start":{"line":135,"column":4},"end":{"line":135,"column":4}},{"start":{"line":135,"column":4},"end":{"line":135,"column":4}}]},"15":{"line":160,"type":"if","locations":[{"start":{"line":160,"column":2},"end":{"line":160,"column":2}},{"start":{"line":160,"column":2},"end":{"line":160,"column":2}}]},"16":{"line":190,"type":"if","locations":[{"start":{"line":190,"column":4},"end":{"line":190,"column":4}},{"start":{"line":190,"column":4},"end":{"line":190,"column":4}}]},"17":{"line":196,"type":"if","locations":[{"start":{"line":196,"column":4},"end":{"line":196,"column":4}},{"start":{"line":196,"column":4},"end":{"line":196,"column":4}}]},"18":{"line":197,"type":"if","locations":[{"start":{"line":197,"column":6},"end":{"line":197,"column":6}},{"start":{"line":197,"column":6},"end":{"line":197,"column":6}}]},"19":{"line":199,"type":"if","locations":[{"start":{"line":199,"column":13},"end":{"line":199,"column":13}},{"start":{"line":199,"column":13},"end":{"line":199,"column":13}}]},"20":{"line":205,"type":"if","locations":[{"start":{"line":205,"column":6},"end":{"line":205,"column":6}},{"start":{"line":205,"column":6},"end":{"line":205,"column":6}}]},"21":{"line":207,"type":"if","locations":[{"start":{"line":207,"column":13},"end":{"line":207,"column":13}},{"start":{"line":207,"column":13},"end":{"line":207,"column":13}}]},"22":{"line":216,"type":"if","locations":[{"start":{"line":216,"column":4},"end":{"line":216,"column":4}},{"start":{"line":216,"column":4},"end":{"line":216,"column":4}}]},"23":{"line":229,"type":"if","locations":[{"start":{"line":229,"column":4},"end":{"line":229,"column":4}},{"start":{"line":229,"column":4},"end":{"line":229,"column":4}}]},"24":{"line":252,"type":"binary-expr","locations":[{"start":{"line":252,"column":31},"end":{"line":252,"column":46}},{"start":{"line":252,"column":50},"end":{"line":252,"column":73}}]},"25":{"line":369,"type":"if","locations":[{"start":{"line":369,"column":2},"end":{"line":369,"column":2}},{"start":{"line":369,"column":2},"end":{"line":369,"column":2}}]},"26":{"line":373,"type":"if","locations":[{"start":{"line":373,"column":2},"end":{"line":373,"column":2}},{"start":{"line":373,"column":2},"end":{"line":373,"column":2}}]},"27":{"line":374,"type":"if","locations":[{"start":{"line":374,"column":4},"end":{"line":374,"column":4}},{"start":{"line":374,"column":4},"end":{"line":374,"column":4}}]},"28":{"line":436,"type":"if","locations":[{"start":{"line":436,"column":2},"end":{"line":436,"column":2}},{"start":{"line":436,"column":2},"end":{"line":436,"column":2}}]},"29":{"line":441,"type":"if","locations":[{"start":{"line":441,"column":2},"end":{"line":441,"column":2}},{"start":{"line":441,"column":2},"end":{"line":441,"column":2}}]},"30":{"line":446,"type":"if","locations":[{"start":{"line":446,"column":6},"end":{"line":446,"column":6}},{"start":{"line":446,"column":6},"end":{"line":446,"column":6}}]},"31":{"line":455,"type":"if","locations":[{"start":{"line":455,"column":2},"end":{"line":455,"column":2}},{"start":{"line":455,"column":2},"end":{"line":455,"column":2}}]},"32":{"line":455,"type":"binary-expr","locations":[{"start":{"line":455,"column":6},"end":{"line":455,"column":29}},{"start":{"line":455,"column":33},"end":{"line":455,"column":59}}]},"33":{"line":458,"type":"if","locations":[{"start":{"line":458,"column":4},"end":{"line":458,"column":4}},{"start":{"line":458,"column":4},"end":{"line":458,"column":4}}]},"34":{"line":460,"type":"if","locations":[{"start":{"line":460,"column":6},"end":{"line":460,"column":6}},{"start":{"line":460,"column":6},"end":{"line":460,"column":6}}]},"35":{"line":460,"type":"binary-expr","locations":[{"start":{"line":460,"column":10},"end":{"line":460,"column":28}},{"start":{"line":460,"column":32},"end":{"line":460,"column":56}}]},"36":{"line":461,"type":"if","locations":[{"start":{"line":461,"column":8},"end":{"line":461,"column":8}},{"start":{"line":461,"column":8},"end":{"line":461,"column":8}}]},"37":{"line":461,"type":"cond-expr","locations":[{"start":{"line":461,"column":53},"end":{"line":461,"column":71}},{"start":{"line":461,"column":74},"end":{"line":461,"column":98}}]},"38":{"line":465,"type":"if","locations":[{"start":{"line":465,"column":10},"end":{"line":465,"column":10}},{"start":{"line":465,"column":10},"end":{"line":465,"column":10}}]},"39":{"line":465,"type":"binary-expr","locations":[{"start":{"line":465,"column":14},"end":{"line":465,"column":32}},{"start":{"line":465,"column":36},"end":{"line":465,"column":58}}]},"40":{"line":475,"type":"if","locations":[{"start":{"line":475,"column":2},"end":{"line":475,"column":2}},{"start":{"line":475,"column":2},"end":{"line":475,"column":2}}]},"41":{"line":475,"type":"binary-expr","locations":[{"start":{"line":475,"column":6},"end":{"line":475,"column":30}},{"start":{"line":475,"column":34},"end":{"line":475,"column":62}}]},"42":{"line":478,"type":"if","locations":[{"start":{"line":478,"column":4},"end":{"line":478,"column":4}},{"start":{"line":478,"column":4},"end":{"line":478,"column":4}}]},"43":{"line":481,"type":"if","locations":[{"start":{"line":481,"column":6},"end":{
[...]
efix"," *   - _String_ - just alias to existing rule"," *   - _Object_"," *     - _validate_ - validator function (should return matched length on success),"," *       or `RegExp`."," *     - _normalize_ - optional function to normalize text & url of matched result"," *       (for example, for @twitter mentions)."," *"," * `options`:"," *"," * - __fuzzyLink__ - recognige URL-s without `http(s):` prefix. Default `true`."," * - __fuzzyIP__ - allow IPs in fuzzy links above. Can conflict with some texts"," *   like version numbers. Default `false`."," * - __fuzzyEmail__ - recognize emails without `mailto:` prefix."," *"," **/","function LinkifyIt(schemas, options) {","  if (!(this instanceof LinkifyIt)) {","    return new LinkifyIt(schemas, options);","  }","","  if (!options) {","    if (isOptionsObj(schemas)) {","      options = schemas;","      schemas = {};","    }","  }","","  this.__opts__           = assign({}, defaultOptions, options);","","  // Cache last tested result. Used to skip repeating steps on next `match` call.","  this.__index__          = -1;","  this.__last_index__     = -1; // Next scan position","  this.__schema__         = '';","  this.__text_cache__     = '';","","  this.__schemas__        = assign({}, defaultSchemas, schemas);","  this.__compiled__       = {};","","  this.__tlds__           = tlds_default;","  this.__tlds_replaced__  = false;","","  this.re = {};","","  compile(this);","}","","","/** chainable"," * LinkifyIt#add(schema, definition)"," * - schema (String): rule name (fixed pattern prefix)"," * - definition (String|RegExp|Object): schema definition"," *"," * Add new rule definition. See constructor description for details."," **/","LinkifyIt.prototype.add = function add(schema, definition) {","  this.__schemas__[schema] = definition;","  compile(this);","  return this;","};","","","/** chainable"," * LinkifyIt#set(options)"," * - options (Object): { fuzzyLink|fuzzyEmail|fuzzyIP: true|false }"," *"," * Set recognition options for links without schema."," **/","LinkifyIt.prototype.set = function set(options) {","  this.__opts__ = assign(this.__opts__, options);","  return this;","};","","","/**"," * LinkifyIt#test(text) -> Boolean"," *"," * Searches linkifiable pattern and returns `true` on success or `false` on fail."," **/","LinkifyIt.prototype.test = function test(text) {","  // Reset scan cache","  this.__text_cache__ = text;","  this.__index__      = -1;","","  if (!text.length) { return false; }","","  var m, ml, me, len, shift, next, re, tld_pos, at_pos;","","  // try to scan for link with schema - that's the most simple rule","  if (this.re.schema_test.test(text)) {","    re = this.re.schema_search;","    re.lastIndex = 0;","    while ((m = re.exec(text)) !== null) {","      len = this.testSchemaAt(text, m[2], re.lastIndex);","      if (len) {","        this.__schema__     = m[2];","        this.__index__      = m.index + m[1].length;","        this.__last_index__ = m.index + m[0].length + len;","        break;","      }","    }","  }","","  if (this.__opts__.fuzzyLink && this.__compiled__['http:']) {","    // guess schemaless links","    tld_pos = text.search(this.re.host_fuzzy_test);","    if (tld_pos >= 0) {","      // if tld is located after found link - no need to check fuzzy pattern","      if (this.__index__ < 0 || tld_pos < this.__index__) {","        if ((ml = text.match(this.__opts__.fuzzyIP ? this.re.link_fuzzy : this.re.link_no_ip_fuzzy)) !== null) {","","          shift = ml.index + ml[1].length;","","          if (this.__index__ < 0 || shift < this.__index__) {","            this.__schema__     = '';","            this.__index__      = shift;","            this.__last_index__ = ml.index + ml[0].length;","          }","        }","      }","    }","  }","","  if (this.__opts__.fuzzyEmail && this.__compiled__['mailto:']) {","    // guess schemaless emails","    at_pos = text.indexOf('@');","    if (at_pos >= 0) {","      // We can't skip this check, because this cases are possible:","      // 192.168.1.1@gmail.com, my.in@example.com","      if ((me = text.match(this.re.email_fuzzy)) !== null) {","","        shift = me.index + me[1].length;","        next  = me.index + me[0].length;","","        if (this.__index__ < 0 || shift < this.__index__ ||","            (shift === this.__index__ && next > this.__last_index__)) {","          this.__schema__     = 'mailto:';","          this.__index__      = shift;","          this.__last_index__ = next;","        }","      }","    }","  }","","  return this.__index__ >= 0;","};","","","/**"," * LinkifyIt#pretest(text) -> Boolean"," *"," * Very quick check, that can give false positives. Returns true if link MAY BE"," * can exists. Can be used for speed optimization, when you need to check that"," * link NOT exists."," **/","LinkifyIt.prototype.pretest = function pretest(text) {","  return this.re.pretest.test(text);","};","","","/**"," * LinkifyIt#testSchemaAt(text, name, position) -> Number"," * - text (String): text to scan"," * - name (String): rule (schema) name"," * - position (Number): text offset to check from"," *"," * Similar to [[LinkifyIt#test]] but checks only specific protocol tail exactly"," * at given position. Returns length of found pattern (0 on fail)."," **/","LinkifyIt.prototype.testSchemaAt = function testSchemaAt(text, schema, pos) {","  // If not supported schema check requested - terminate","  if (!this.__compiled__[schema.toLowerCase()]) {","    return 0;","  }","  return this.__compiled__[schema.toLowerCase()].validate(text, pos, this);","};","","","/**"," * LinkifyIt#match(text) -> Array|null"," *"," * Returns array of found link descriptions or `null` on fail. We strongly"," * recommend to use [[LinkifyIt#test]] first, for best speed."," *"," * ##### Result match description"," *"," * - __schema__ - link schema, can be empty for fuzzy links, or `//` for"," *   protocol-neutral  links."," * - __index__ - offset of matched text"," * - __lastIndex__ - index of next char after mathch end"," * - __raw__ - matched text"," * - __text__ - normalized text"," * - __url__ - link, generated from matched text"," **/","LinkifyIt.prototype.match = function match(text) {","  var shift = 0, result = [];","","  // Try to take previous element from cache, if .test() called before","  if (this.__index__ >= 0 && this.__text_cache__ === text) {","    result.push(createMatch(this, shift));","    shift = this.__last_index__;","  }","","  // Cut head if cache was used","  var tail = shift ? text.slice(shift) : text;","","  // Scan string until end reached","  while (this.test(tail)) {","    result.push(createMatch(this, shift));","","    tail = tail.slice(this.__last_index__);","    shift += this.__last_index__;","  }","","  if (result.length) {","    return result;","  }","","  return null;","};","","","/** chainable"," * LinkifyIt#tlds(list [, keepOld]) -> this"," * - list (Array): list of tlds"," * - keepOld (Boolean): merge with current list if `true` (`false` by default)"," *"," * Load (or merge) new tlds list. Those are user for fuzzy links (without prefix)"," * to avoid false positives. By default this algorythm used:"," *"," * - hostname with any 2-letter root zones are ok."," * - biz|com|edu|gov|net|org|pro|web|xxx|aero|asia|coop|info|museum|name|shop|рф"," *   are ok."," * - encoded (`xn--...`) root zones are ok."," *"," * If list is replaced, then exact match for 2-chars root zones will be checked."," **/","LinkifyIt.prototype.tlds = function tlds(list, keepOld) {","  list = Array.isArray(list) ? list : [ list ];","","  if (!keepOld) {","    this.__tlds__ = list.slice();","    this.__tlds_replaced__ = true;","    compile(this);","    return this;","  }","","  this.__tlds__ = this.__tlds__.concat(list)","                                  .sort()","                                  .filter(function (el, idx, arr) {","                                    return el !== arr[idx - 1];","                                  })","                                  .reverse();","","  compile(this);","  return this;","};","","/**"," * LinkifyIt#normalize(match)"," *"," * Default normalizer (if schema does not define it's own)."," **/","LinkifyIt.prototype.normalize = function normalize(match) {","","  // Do minimal possible changes by default. Need to collect feedback prior","  // to move forward https://github.com/markdown-it/linkify-it/issues/1","","  if (!match.schema) { match.url = 'http://' + match.url; }","","  if (match.schema === 'mailto:' && !/^mailto:/i.test(match.url)) {","    match.url = 'mailto:' + match.url;","  }","};","","","/**"," * LinkifyIt#onCompile()"," *"," * Override to modify basic RegExp-s."," **/","LinkifyIt.prototype.onCompile = function onCompile() {","};","","","module.exports = LinkifyIt;",""],"l":{"9":1,"10":0,"12":0,"13":0,"15":0,"16":0,"20":0,"23":1,"24":1,"25":1,"26":1,"27":1,"30":1,"35":1,"42":1,"43":0,"44":0,"49":1,"52":0,"54":0,"56":0,"60":0,"61":0,"63":0,"70":0,"72":0,"74":0,"88":0,"90":0,"91":0,"92":0,"94":0,"99":0,"101":0,"102":0,"106":0,"107":0,"109":0,"117":1,"120":1,"126":1,"127":0,"128":0,"131":1,"132":0,"133":0,"135":0,"136":0,"138":0,"142":1,"143":0,"144":0,"150":1,"153":0,"156":0,"158":0,"160":0,"161":0,"163":0,"165":0,"167":1,"169":0,"170":0,"171":0,"172":0,"178":0,"180":0,"182":1,"183":0,"186":0,"187":0,"190":0,"192":0,"194":0,"196":0,"197":0,"198":0,"199":0,"200":0,"202":0,"205":0,"206":0,"207":0,"208":0,"210":0,"213":0,"216":0,"217":0,"218":0,"221":0,"228":0,"229":0,"232":0,"235":0,"237":0,"244":0,"249":0,"252":0,"257":0,"258":0,"260":0,"270":0,"278":1,"279":0,"288":0,"294":0,"300":0,"306":0,"312":0,"318":0,"321":1,"322":0,"324":0,"326":0,"368":1,"369":0,"370":0,"373":0,"374":0,"375":0,"376":0,"380":0,"383":0,"384":0,"385":0,"386":0,"388":0,"389":0,"391":0,"392":0,"394":0,"396":0,"407":1,"408":0,"409":0,"410":0,"420":1,"421":0,"422":0,"431":1,"433":0,"434":0,"436":0,"438":0,"441":0,"442":0,"443":0,"444":0,"445":0,"446":0,"447":0,"448":0,"449":0,"450":0,"455":0,"457":0,"458":0,"460":0,"461":0,"463":0,"465":0,"466":0,"467":0,"468":0,"475":0,"477":0,"478":0,"481":0,"483":0,"484":0,"486":0,"488":0,"489":0,"490":0,"496":0,"507":1,"508":0,"521":1,"523":0,"524":0,"526":0,"546":1,"547":0,"550":0,"551":0,"552":0,"556":0,"559":0,"560":0,"562":0,"563":0,"566":0,"567":0,"570":0,"589":1,"590":0,"592":0,"593":0,"594":0,"595":0,"596":0,"599":0,"602":0,"606":0,"607":0,"615":1,"620":0,"622":0,"623":0,"633":1,"637":1}},"/home/travis/build/npmtest/node-npmtest-linkify-it/node_modules/linkify-it/lib/re.js":{"path":"/home/travis/build/npmtest/node-npmtest-linkify-it/node_modules/linkify-it/lib/re.js","s":{"1":1,"2":0,"3":0,"4":0,"5":0,"6":0,"7":0,"8":0,"9":0,"10":0,"11":0,"12":0,"13":0,"14":0,"15":0,"16":0,"17":0,"18":0,"19":0,"20":0,"21":0,"22":0,"23":0,"24":0,"25":0,"26":0,"27":0,"28":0,"29":0,"30":0,"31":0,"32":0},"b":{"1":[0,0],"2":[0,0]},"f":{"1":0},"fnMap":{"1":{"name":"(anonymous_1)","line":4,"loc":{"start":{"line":4,"column":17},"end":{"line":4,"column":33}}}},"statementMap":{"1":{"start":{"line":4,"column":0},"end":{"line":177,"column":2}},"2":{"start":{"line":5,"column":2},"end":{"line":5,"column":14}},"3":{"start":{"line":8,"column":2},"end":{"line":8,"column":63}},"4":{"start":{"line":9,"column":2},"end":{"line":9,"column":62}},"5":{"start":{"line":10,"column":2},"end":{"line":10,"column":61}},"6":{"start":{"line":11,"column":2},"end":{"line":11,"column":61}},"7":{"start":{"line":14,"column":2},"end":{"line":14,"column":60}},"8":{"start":{"line":17,"column":2},"end":{"line":17,"column":49}},"9":{"start":{"line":21,"column":2},"end":{"line":21,"column":37}},"10":{"start":{"line":26,"column":2},"end":{"line":26,"column":103}},"11":{"start":{"line":32,"column":2},"end":{"line":34,"column":93}},"12":{"start":{"line":37,"column":2},"end":{"line":37,"column":69}},"13":{"start":{"line":39,"column":2},"end":{"line":41,"column":86}},"14":{"start":{"line":43,"column":2},"end":{"line":45,"column":102}},"15":{"start":{"line":47,"column":2},"end":{"line":75,"column":9}},"16":{"start":{"line":77,"column":2},"end":{"line":79,"column":40}},"17":{"start":{"line":81,"column":2},"end":{"line":83,"column":28}},"18":{"start":{"line":88,"column":2},"end":{"line":95,"column":8}},"19":{"start":{"line":97,"column":2},"end":{"line":108,"column":8}},"20":{"start":{"line":110,"column":2},"end":{"line":117,"column":8}},"21":{"start":{"line":119,"column":2},"end":{"line":125,"column":8}},"22":{"start":{"line":127,"column":2},"end":{"line":129,"column":54}},"23":{"start":{"line":131,"column":2},"end":{"line":133,"column":41}},"24":{"start":{"line":135,"column":2},"end":{"line":137,"column":47}},"25":{"start":{"line":139,"column":2},"end":{"line":141,"column":55}},"26":{"start":{"line":143,"column":2},"end":{"line":145,"column":61}},"27":{"start":{"line":147,"column":2},"end":{"line":149,"column":67}},"28":{"start":{"line":156,"column":2},"end":{"line":158,"column":83}},"29":{"start":{"line":160,"column":2},"end":{"line":162,"column":119}},"30":{"start":{"line":164,"column":2},"end":{"line":168,"column":82}},"31":{"start":{"line":170,"column":2},"end":{"line":174,"column":88}},"32":{"start":{"line":176,"column":2},"end":{"line":176,"column":12}}},"branchMap":{"1":{"line":65,"type":"cond-expr","locations":[{"start":{"line":66,"column":12},"end":{"line":66,"column":40}},{"start":{"line":68,"column":12},"end":{"line":68,"column":19}}]},"2":{"line":65,"type":"binary-expr","locations":[{"start":{"line":65,"column":11},"end":{"line":65,"column":15}},{"start":{"line":65,"column":19},"end":{"line":65,"column":30}}]}},"code":["'use strict';","","","module.exports = function (opts) {","  var re = {};","","  // Use direct extract instead of `regenerate` to reduse browserified size","  re.src_Any = require('uc.micro/properties/Any/regex').source;","  re.src_Cc  = require('uc.micro/categories/Cc/regex').source;","  re.src_Z   = require('uc.micro/categories/Z/regex').source;","  re.src_P   = require('uc.micro/categories/P/regex').source;","","  // \\p{\\Z\\P\\Cc\\CF} (white spaces + control + format + punctuation)","  re.src_ZPCc = [ re.src_Z, re.src_P, re.src_Cc ].join('|');","","  // \\p{\\Z\\Cc} (white spaces + control)","  re.src_ZCc = [ re.src_Z, re.src_Cc ].join('|');","","  // Experimental. List of chars, completely prohibited in links","  // because can separate it from other part of text","  var text_separators = '[><\\uff5c]';","","  // All possible word characters (everything without punctuation, spaces & controls)","  // Defined via punctuation & spaces to save space","  // Should be something like \\p{\\L\\N\\S\\M} (\\w but without `_`)","  re.src_pseudo_letter       = '(?:(?!' + text_separators + '|' + re.src_ZPCc + ')' + re.src_Any + ')';","  // The same as abothe but without [0-9]","  // var src_pseudo_letter_non_d = '(?:(?![0-9]|' + src_ZPCc + ')' + src_Any + ')';","","  ////////////////////////////////////////////////////////////////////////////////","","  re.src_ip4 =","","    '(?:(25[0-5]|2[0-4][0-9]|[01]?[0-9][0-9]?)\\\\.){3}(25[0-5]|2[0-4][0-9]|[01]?[0-9][0-9]?)';","","  // Prohibit any of \"@/[]()\" in user/pass to avoid wrong domain fetch.","  re.src_auth    = '(?:(?:(?!' + re.src_ZCc + '|[@/\\\\[\\\\]()]).)+@)?';","","  re.src_port =","","    '(?::(?:6(?:[0-4]\\\\d{3}|5(?:[0-4]\\\\d{2}|5(?:[0-2]\\\\d|3[0-5])))|[1-5]?\\\\d{1,4}))?';","","  re.src_host_terminator =","","    '(?=$|' + text_separators + '|' + re.src_ZPCc + ')(?!-|_|:\\\\d|\\\\.-|\\\\.(?!$|' + re.src_ZPCc + '))';","","  re.src_path =","","    '(?:' +","      '[/?#]' +","        '(?:' +","          '(?!' + re.src_ZCc + '|' + text_separators + '|[()[\\\\]{}.,\"\\'?!\\\\-]).|' +","          '\\\\[(?:(?!' + re.src_ZCc + '|\\\\]).)*\\\\]|' +","          '\\\\((?:(?!' + re.src_ZCc + '|[)]).)*\\\\)|' +","          '\\\\{(?:(?!' + re.src_ZCc + '|[}]).)*\\\\}|' +","          '\\\\\"(?:(?!' + re.src_ZCc + '|[\"]).)+\\\\\"|' +","          \"\\\\'(?:(?!\" + re.src_ZCc + \"|[']).)+\\\\'|\" +","          \"\\\\'(?=\" + re.src_pseudo_letter + '|[-]).|' +  // allow `I'm_king` if no pair found","          '\\\\.{2,3}[a-zA-Z0-9%/]|' + // github has ... in commit range links. Restrict to","                                     // - english","                                     // - percent-encoded","                                     // - parts of file path","                                     // until more examples found.","          '\\\\.(?!' + re.src_ZCc + '|[.]).|' +","          (opts && opts['---'] ?","            '\\\\-(?!--(?:[^-]|$))(?:-*)|' // `---` => long dash, terminate","          :","            '\\\\-+|'","          ) +","          '\\\\,(?!' + re.src_ZCc + ').|' +      // allow `,,,` in paths","          '\\\\!(?!' + re.src_ZCc + '|[!]).|' +","          '\\\\?(?!' + re.src_ZCc + '|[?]).' +","        ')+' +","      '|\\\\/' +","    ')?';","","  re.src_email_name =","","    '[\\\\-;:&=\\\\+\\\\$,\\\\\"\\\\.a-zA-Z0-9_]+';","","  re.src_xn =","","    'xn--[a-z0-9\\\\-]{1,59}';","","  // More to read about domain names","  // http://serverfault.com/questions/638260/","","  re.src_domain_root =","","    // Allow letters & digits (http://test1)","    '(?:' +","      re.src_xn +","      '|' +","      re.src_pseudo_letter + '{1,63}' +","    ')';","","  re.src_domain =","","    '(?:' +","      re.src_xn +","      '|' +","      '(?:' + re.src_pseudo_letter + ')' +","      '|' +","      // don't allow `--` in domain names, because:","      // - that can conflict with markdown &mdash; / &ndash;","      // - nobody use those anyway","      '(?:' + re.src_pseudo_letter + '(?:-(?!-)|' + re.src_pseudo_letter + '){0,61}' + re.src_pseudo_letter + ')' +","    ')';","","  re.src_host =","","    '(?:' +","    // Don't need IP check, because digits are already allowed in normal domain names","    //   src_ip4 +","    // '|' +","      '(?:(?:(?:' + re.src_domain + ')\\\\.)*' + re.src_domain/*_root*/ + ')' +","    ')';","","  re.tpl_host_fuzzy =","","    '(?:' +","      re.src_ip4 +","    '|' +","      '(?:(?:(?:' + re.src_domain + ')\\\\.)+(?:%TLDS%))' +","    ')';","","  re.tpl_host_no_ip_fuzzy =","","    '(?:(?:(?:' + re.src_domain + ')\\\\.)+(?:%TLDS%))';","","  re.src_host_strict =","","    re.src_host + re.src_host_terminator;","","  re.tpl_host_fuzzy_strict =","","    re.tpl_host_fuzzy + re.src_host_terminator;","","  re.src_host_port_strict =","","    re.src_host + re.src_port + re.src_host_terminator;","","  re.tpl_host_port_fuzzy_strict =","","    re.tpl_host_fuzzy + re.src_port + re.src_host_terminator;","","  re.tpl_host_port_no_ip_fuzzy_strict =","","    re.tpl_host_no_ip_fuzzy + re.src_port + re.src_host_terminator;","","","  ////////////////////////////////////////////////////////////////////////////////","  // Main rules","","  // Rude test fuzzy links by host, for quick deny","  re.tpl_host_fuzzy_test =","","    'localhost|www\\\\.|\\\\.\\\\d{1,3}\\\\.|(?:\\\\.(?:%TLDS%)(?:' + re.src_ZPCc + '|>|$))';","","  re.tpl_email_fuzzy =","","      '(^|' + text_separators + '|\\\\(|' + re.src_ZCc + ')(' + re.src_email_name + '@' + re.tpl_host_fuzzy_strict + ')';","","  re.tpl_link_fuzzy =","      // Fuzzy link can't be prepended with .:/\\- and non punctuation.","      // but can start with > (markdown blockquote)","      '(^|(?![.:/\\\\-_@])(?:[$+<=>^`|\\uff5c]|' + re.src_ZPCc + '))' +","      '((?![$+<=>^`|\\uff5c])' + re.tpl_host_port_fuzzy_strict + re.src_path + ')';","","  re.tpl_link_no_ip_fuzzy =","      // Fuzzy link can't be prepended with .:/\\- and non punctuation.","      // but can start with > (markdown blockquote)","      '(^|(?![.:/\\\\-_@])(?:[$+<=>^`|\\uff5c]|' + re.src_ZPCc + '))' +","      '((?![$+<=>^`|\\uff5c])' + re.tpl_host_port_no_ip_fuzzy_strict + re.src_path + ')';","","  return re;","};",""],"l":{"4":1,"5":0,"8":0,"9":0,"10":0,"11":0,"14":0,"17":0,"21":0,"26":0,"32":0,"37":0,"39":0,"43":0,"47":0,"77":0,"81":0,"88":0,"97":0,"110":0,"119":0,"127":0,"131":0,"135":0,"139":0,"143":0,"147":0,"156":0,"160":0,"164":0,"170":0,"176":0}}}